Server Crash Report
===================

RunUO Version 2.3, Build 8360.16385
Operating System: Microsoft Windows NT 6.1.7601 Service Pack 1
.NET Framework: 4.0.30319.42000
Time: 12/5/2022 4:58:00 PM
Mobiles: 40793
Items: 349172
Exception:
System.IO.DirectoryNotFoundException: Could not find a part of the path 'C:\UO_TE\Freeshard\Scripts\Customs\16. uo\output.txt'.
   at System.IO.__Error.WinIOError(Int32 errorCode, String maybeFullPath)
   at System.IO.FileStream.Init(String path, FileMode mode, FileAccess access, Int32 rights, Boolean useRights, FileShare share, Int32 bufferSize, FileOptions options, SECURITY_ATTRIBUTES secAttrs, String msgPath, Boolean bFromProxy, Boolean useLongPath, Boolean checkHost)
   at System.IO.FileStream..ctor(String path, FileMode mode, FileAccess access, FileShare share, Int32 bufferSize, FileOptions options, String msgPath, Boolean bFromProxy, Boolean useLongPath, Boolean checkHost)
   at System.IO.StreamWriter.CreateFile(String path, Boolean append, Boolean checkHost)
   at System.IO.StreamWriter..ctor(String path, Boolean append, Encoding encoding, Int32 bufferSize, Boolean checkHost)
   at System.IO.StreamWriter..ctor(String path)
   at Server.Misc.StatusPage.OnTick()
   at Server.Timer.Slice() in f:\The_Expanse_Public\UO_TE_v2.1\Server\Timer.cs:line 387
   at Server.Core.Main(String[] args) in f:\The_Expanse_Public\UO_TE_v2.1\Server\Main.cs:line 538

Clients:
- Count: 0
