Client: 127.0.0.1: Unhandled packet 0xF4
        0  1  2  3  4  5  6  7   8  9  A  B  C  D  E  F
       -- -- -- -- -- -- -- --  -- -- -- -- -- -- -- --
0000   F4 01 32 07 00 0C 00 00  00 00 00 00 00 74 61 73   ..2..........tas
0010   73 32 33 5F 00 34 D3 18  00 05 00 00 00 07 00 00   s23_.4..........
0020   00 0F 00 00 00 84 D1 18  00 E8 34 2E 52 52 61 69   ..........4.RRai
0030   73 74 00 00 00 00 00 00  00 00 00 00 00 00 00 00   st..............
0040   00 00 00 00 00 00 00 00  00 00 00 00 00 31 30 2E   .............10.
0050   30 2E 30 2E 33 00 00 00  00 00 00 00 00 0B D4 35   0.0.3..........5
0060   C0 00 00 05 63 6C 69 65  6E 74 2E 65 78 65 00 00   ....client.exe..
0070   00 00 00 00 00 00 00 00  00 00 00 00 00 00 00 00   ................
0080   00 00 00 00 00 00 00 00  00 00 00 00 00 00 00 00   ................
0090   00 00 00 00 00 00 00 00  00 00 00 00 00 00 00 00   ................
00A0   00 00 00 00 00 00 00 00  00 00 00 00 00 00 00 00   ................
00B0   00 00 00 00 00 00 00 00  00 00 00 00 00 00 00 00   ................
00C0   00 00 00 00 00 00 00 00  43 52 41 53 48 00 00 00   ........CRASH...
00D0   00 00 00 00 00 00 00 00  00 00 00 00 00 00 00 00   ................
00E0   00 00 00 00 00 00 00 00  00 00 00 00 00 00 00 00   ................
00F0   00 00 00 00 00 00 00 00  00 00 00 00 00 00 00 00   ................
0100   00 00 00 00 00 00 00 00  00 00 00 00 00 00 00 00   ................
0110   00 00 00 00 00 00 00 00  00 00 00 00 00 00 00 00   ................
0120   00 00 00 00 00 00 00 00  00 00 00 00 00 5C 7D 73   .............\}s
0130   58 00                                             X.


Client: 127.0.0.1: Unhandled packet 0xF4
        0  1  2  3  4  5  6  7   8  9  A  B  C  D  E  F
       -- -- -- -- -- -- -- --  -- -- -- -- -- -- -- --
0000   F4 01 32 07 00 0C 00 00  00 00 00 00 00 74 61 73   ..2..........tas
0010   73 32 33 5F 00 34 D3 18  00 05 00 00 00 07 00 00   s23_.4..........
0020   00 0F 00 00 00 84 D1 18  00 20 35 2E 52 52 61 69   ......... 5.RRai
0030   73 74 00 00 00 00 00 00  00 00 00 00 00 00 00 00   st..............
0040   00 00 00 00 00 00 00 00  00 00 00 00 00 31 30 2E   .............10.
0050   30 2E 30 2E 33 00 00 00  00 00 00 00 00 03 C9 96   0.0.3...........
0060   C0 00 00 05 63 6C 69 65  6E 74 2E 65 78 65 00 00   ....client.exe..
0070   00 00 00 00 00 00 00 00  00 00 00 00 00 00 00 00   ................
0080   00 00 00 00 00 00 00 00  00 00 00 00 00 00 00 00   ................
0090   00 00 00 00 00 00 00 00  00 00 00 00 00 00 00 00   ................
00A0   00 00 00 00 00 00 00 00  00 00 00 00 00 00 00 00   ................
00B0   00 00 00 00 00 00 00 00  00 00 00 00 00 00 00 00   ................
00C0   00 00 00 00 00 00 00 00  43 52 41 53 48 00 00 00   ........CRASH...
00D0   00 00 00 00 00 00 00 00  00 00 00 00 00 00 00 00   ................
00E0   00 00 00 00 00 00 00 00  00 00 00 00 00 00 00 00   ................
00F0   00 00 00 00 00 00 00 00  00 00 00 00 00 00 00 00   ................
0100   00 00 00 00 00 00 00 00  00 00 00 00 00 00 00 00   ................
0110   00 00 00 00 00 00 00 00  00 00 00 00 00 00 00 00   ................
0120   00 00 00 00 00 00 00 00  00 00 00 00 00 5C 7D 73   .............\}s
0130   58 00                                             X.


Client: 127.0.0.1: Unhandled packet 0xF4
        0  1  2  3  4  5  6  7   8  9  A  B  C  D  E  F
       -- -- -- -- -- -- -- --  -- -- -- -- -- -- -- --
0000   F4 01 32 07 00 0C 00 00  00 00 00 00 00 74 61 73   ..2..........tas
0010   73 32 33 5F 00 34 D3 18  00 05 00 00 00 07 00 00   s23_.4..........
0020   00 0F 00 00 00 84 D1 18  00 18 37 38 52 52 61 69   ..........78RRai
0030   73 74 00 00 00 00 00 00  00 00 00 00 00 00 00 00   st..............
0040   00 00 00 00 00 00 00 00  00 00 00 00 00 31 30 2E   .............10.
0050   30 2E 30 2E 33 00 00 00  00 00 00 00 00 05 D8 21   0.0.3..........!
0060   C0 00 00 05 63 6C 69 65  6E 74 2E 65 78 65 00 00   ....client.exe..
0070   00 00 00 00 00 00 00 00  00 00 00 00 00 00 00 00   ................
0080   00 00 00 00 00 00 00 00  00 00 00 00 00 00 00 00   ................
0090   00 00 00 00 00 00 00 00  00 00 00 00 00 00 00 00   ................
00A0   00 00 00 00 00 00 00 00  00 00 00 00 00 00 00 00   ................
00B0   00 00 00 00 00 00 00 00  00 00 00 00 00 00 00 00   ................
00C0   00 00 00 00 00 00 00 00  43 52 41 53 48 00 00 00   ........CRASH...
00D0   00 00 00 00 00 00 00 00  00 00 00 00 00 00 00 00   ................
00E0   00 00 00 00 00 00 00 00  00 00 00 00 00 00 00 00   ................
00F0   00 00 00 00 00 00 00 00  00 00 00 00 00 00 00 00   ................
0100   00 00 00 00 00 00 00 00  00 00 00 00 00 00 00 00   ................
0110   00 00 00 00 00 00 00 00  00 00 00 00 00 00 00 00   ................
0120   00 00 00 00 00 00 00 00  00 00 00 00 00 5C 7D 73   .............\}s
0130   58 00                                             X.


Client: 127.0.0.1: Unhandled packet 0xF4
        0  1  2  3  4  5  6  7   8  9  A  B  C  D  E  F
       -- -- -- -- -- -- -- --  -- -- -- -- -- -- -- --
0000   F4 01 32 07 00 0C 00 00  00 00 00 00 00 74 61 73   ..2..........tas
0010   73 32 33 5F 00 34 D3 18  00 05 00 00 00 07 00 00   s23_.4..........
0020   00 0F 00 00 00 84 D1 18  00 D0 33 2E 52 52 61 69   ..........3.RRai
0030   73 74 00 00 00 00 00 00  00 00 00 00 00 00 00 00   st..............
0040   00 00 00 00 00 00 00 00  00 00 00 00 00 31 30 2E   .............10.
0050   30 2E 30 2E 33 00 00 00  00 00 00 00 00 01 8A 71   0.0.3..........q
0060   C0 00 00 05 63 6C 69 65  6E 74 2E 65 78 65 00 00   ....client.exe..
0070   00 00 00 00 00 00 00 00  00 00 00 00 00 00 00 00   ................
0080   00 00 00 00 00 00 00 00  00 00 00 00 00 00 00 00   ................
0090   00 00 00 00 00 00 00 00  00 00 00 00 00 00 00 00   ................
00A0   00 00 00 00 00 00 00 00  00 00 00 00 00 00 00 00   ................
00B0   00 00 00 00 00 00 00 00  00 00 00 00 00 00 00 00   ................
00C0   00 00 00 00 00 00 00 00  43 52 41 53 48 00 00 00   ........CRASH...
00D0   00 00 00 00 00 00 00 00  00 00 00 00 00 00 00 00   ................
00E0   00 00 00 00 00 00 00 00  00 00 00 00 00 00 00 00   ................
00F0   00 00 00 00 00 00 00 00  00 00 00 00 00 00 00 00   ................
0100   00 00 00 00 00 00 00 00  00 00 00 00 00 00 00 00   ................
0110   00 00 00 00 00 00 00 00  00 00 00 00 00 00 00 00   ................
0120   00 00 00 00 00 00 00 00  00 00 00 00 00 5C 7D 73   .............\}s
0130   58 00                                             X.


Client: 127.0.0.1: Unhandled packet 0xF4
        0  1  2  3  4  5  6  7   8  9  A  B  C  D  E  F
       -- -- -- -- -- -- -- --  -- -- -- -- -- -- -- --
0000   F4 01 32 07 00 0C 00 00  00 00 00 00 00 74 61 73   ..2..........tas
0010   73 32 33 5F 00 34 D3 18  00 05 00 00 00 07 00 00   s23_.4..........
0020   00 0F 00 00 00 84 D1 18  00 18 37 21 52 52 61 69   ..........7!RRai
0030   73 74 00 00 00 00 00 00  00 00 00 00 00 00 00 00   st..............
0040   00 00 00 00 00 00 00 00  00 00 00 00 00 31 30 2E   .............10.
0050   30 2E 30 2E 33 00 00 00  00 00 00 00 00 03 42 FF   0.0.3.........B.
0060   C0 00 00 05 63 6C 69 65  6E 74 2E 65 78 65 00 00   ....client.exe..
0070   00 00 00 00 00 00 00 00  00 00 00 00 00 00 00 00   ................
0080   00 00 00 00 00 00 00 00  00 00 00 00 00 00 00 00   ................
0090   00 00 00 00 00 00 00 00  00 00 00 00 00 00 00 00   ................
00A0   00 00 00 00 00 00 00 00  00 00 00 00 00 00 00 00   ................
00B0   00 00 00 00 00 00 00 00  00 00 00 00 00 00 00 00   ................
00C0   00 00 00 00 00 00 00 00  43 52 41 53 48 00 00 00   ........CRASH...
00D0   00 00 00 00 00 00 00 00  00 00 00 00 00 00 00 00   ................
00E0   00 00 00 00 00 00 00 00  00 00 00 00 00 00 00 00   ................
00F0   00 00 00 00 00 00 00 00  00 00 00 00 00 00 00 00   ................
0100   00 00 00 00 00 00 00 00  00 00 00 00 00 00 00 00   ................
0110   00 00 00 00 00 00 00 00  00 00 00 00 00 00 00 00   ................
0120   00 00 00 00 00 00 00 00  00 00 00 00 00 5C 7D 73   .............\}s
0130   58 00                                             X.


Client: 127.0.0.1: Unhandled packet 0xF4
        0  1  2  3  4  5  6  7   8  9  A  B  C  D  E  F
       -- -- -- -- -- -- -- --  -- -- -- -- -- -- -- --
0000   F4 01 32 07 00 0C 00 00  00 00 00 00 00 74 61 73   ..2..........tas
0010   73 32 33 5F 00 34 D3 18  00 05 00 00 00 07 00 00   s23_.4..........
0020   00 0F 00 00 00 84 D1 18  00 38 36 1C 52 52 61 69   .........86.RRai
0030   73 74 00 00 00 00 00 00  00 00 00 00 00 00 00 00   st..............
0040   00 00 00 00 00 00 00 00  00 00 00 00 00 31 30 2E   .............10.
0050   30 2E 30 2E 33 00 00 00  00 00 00 00 00 01 6A BD   0.0.3.........j.
0060   C0 00 00 05 63 6C 69 65  6E 74 2E 65 78 65 00 00   ....client.exe..
0070   00 00 00 00 00 00 00 00  00 00 00 00 00 00 00 00   ................
0080   00 00 00 00 00 00 00 00  00 00 00 00 00 00 00 00   ................
0090   00 00 00 00 00 00 00 00  00 00 00 00 00 00 00 00   ................
00A0   00 00 00 00 00 00 00 00  00 00 00 00 00 00 00 00   ................
00B0   00 00 00 00 00 00 00 00  00 00 00 00 00 00 00 00   ................
00C0   00 00 00 00 00 00 00 00  43 52 41 53 48 00 00 00   ........CRASH...
00D0   00 00 00 00 00 00 00 00  00 00 00 00 00 00 00 00   ................
00E0   00 00 00 00 00 00 00 00  00 00 00 00 00 00 00 00   ................
00F0   00 00 00 00 00 00 00 00  00 00 00 00 00 00 00 00   ................
0100   00 00 00 00 00 00 00 00  00 00 00 00 00 00 00 00   ................
0110   00 00 00 00 00 00 00 00  00 00 00 00 00 00 00 00   ................
0120   00 00 00 00 00 00 00 00  00 00 00 00 00 5C 7D 73   .............\}s
0130   58 00                                             X.


Client: 127.0.0.1: Unhandled packet 0xF4
        0  1  2  3  4  5  6  7   8  9  A  B  C  D  E  F
       -- -- -- -- -- -- -- --  -- -- -- -- -- -- -- --
0000   F4 01 32 07 00 0C 00 00  00 00 00 00 00 74 61 73   ..2..........tas
0010   73 32 33 5F 00 34 D3 18  00 05 00 00 00 07 00 00   s23_.4..........
0020   00 0F 00 00 00 84 D1 18  00 A8 7C 2E 52 52 61 69   ..........|.RRai
0030   73 74 00 00 00 00 00 00  00 00 00 00 00 00 00 00   st..............
0040   00 00 00 00 00 00 00 00  00 00 00 00 00 31 30 2E   .............10.
0050   30 2E 30 2E 33 00 00 00  00 00 00 00 00 05 86 AD   0.0.3...........
0060   C0 00 00 05 63 6C 69 65  6E 74 2E 65 78 65 00 00   ....client.exe..
0070   00 00 00 00 00 00 00 00  00 00 00 00 00 00 00 00   ................
0080   00 00 00 00 00 00 00 00  00 00 00 00 00 00 00 00   ................
0090   00 00 00 00 00 00 00 00  00 00 00 00 00 00 00 00   ................
00A0   00 00 00 00 00 00 00 00  00 00 00 00 00 00 00 00   ................
00B0   00 00 00 00 00 00 00 00  00 00 00 00 00 00 00 00   ................
00C0   00 00 00 00 00 00 00 00  43 52 41 53 48 00 00 00   ........CRASH...
00D0   00 00 00 00 00 00 00 00  00 00 00 00 00 00 00 00   ................
00E0   00 00 00 00 00 00 00 00  00 00 00 00 00 00 00 00   ................
00F0   00 00 00 00 00 00 00 00  00 00 00 00 00 00 00 00   ................
0100   00 00 00 00 00 00 00 00  00 00 00 00 00 00 00 00   ................
0110   00 00 00 00 00 00 00 00  00 00 00 00 00 00 00 00   ................
0120   00 00 00 00 00 00 00 00  00 00 00 00 00 5C 7D 73   .............\}s
0130   58 00                                             X.


Client: 127.0.0.1: Unhandled packet 0xF4
        0  1  2  3  4  5  6  7   8  9  A  B  C  D  E  F
       -- -- -- -- -- -- -- --  -- -- -- -- -- -- -- --
0000   F4 01 32 07 00 0C 00 00  00 00 00 00 00 74 61 73   ..2..........tas
0010   73 32 33 5F 00 34 D3 18  00 05 00 00 00 07 00 00   s23_.4..........
0020   00 0F 00 00 00 84 D1 18  00 40 34 34 52 52 61 69   .........@44RRai
0030   73 74 00 00 00 00 00 00  00 00 00 00 00 00 00 00   st..............
0040   00 00 00 00 00 00 00 00  00 00 00 00 00 31 30 2E   .............10.
0050   30 2E 30 2E 33 00 00 00  00 00 00 00 00 01 F0 1B   0.0.3...........
0060   C0 00 00 05 63 6C 69 65  6E 74 2E 65 78 65 00 00   ....client.exe..
0070   00 00 00 00 00 00 00 00  00 00 00 00 00 00 00 00   ................
0080   00 00 00 00 00 00 00 00  00 00 00 00 00 00 00 00   ................
0090   00 00 00 00 00 00 00 00  00 00 00 00 00 00 00 00   ................
00A0   00 00 00 00 00 00 00 00  00 00 00 00 00 00 00 00   ................
00B0   00 00 00 00 00 00 00 00  00 00 00 00 00 00 00 00   ................
00C0   00 00 00 00 00 00 00 00  43 52 41 53 48 00 00 00   ........CRASH...
00D0   00 00 00 00 00 00 00 00  00 00 00 00 00 00 00 00   ................
00E0   00 00 00 00 00 00 00 00  00 00 00 00 00 00 00 00   ................
00F0   00 00 00 00 00 00 00 00  00 00 00 00 00 00 00 00   ................
0100   00 00 00 00 00 00 00 00  00 00 00 00 00 00 00 00   ................
0110   00 00 00 00 00 00 00 00  00 00 00 00 00 00 00 00   ................
0120   00 00 00 00 00 00 00 00  00 00 00 00 00 5C 7D 73   .............\}s
0130   58 00                                             X.


Client: 127.0.0.1: Unhandled packet 0xF4
        0  1  2  3  4  5  6  7   8  9  A  B  C  D  E  F
       -- -- -- -- -- -- -- --  -- -- -- -- -- -- -- --
0000   F4 01 32 07 00 0C 00 00  00 00 00 00 00 74 61 73   ..2..........tas
0010   73 32 33 5F 00 34 D3 18  00 05 00 00 00 07 00 00   s23_.4..........
0020   00 0F 00 00 00 84 D1 18  00 08 34 33 52 52 61 69   ..........43RRai
0030   73 74 00 00 00 00 00 00  00 00 00 00 00 00 00 00   st..............
0040   00 00 00 00 00 00 00 00  00 00 00 00 00 31 30 2E   .............10.
0050   30 2E 30 2E 33 00 00 00  00 00 00 00 00 00 51 CD   0.0.3.........Q.
0060   C0 00 00 05 63 6C 69 65  6E 74 2E 65 78 65 00 00   ....client.exe..
0070   00 00 00 00 00 00 00 00  00 00 00 00 00 00 00 00   ................
0080   00 00 00 00 00 00 00 00  00 00 00 00 00 00 00 00   ................
0090   00 00 00 00 00 00 00 00  00 00 00 00 00 00 00 00   ................
00A0   00 00 00 00 00 00 00 00  00 00 00 00 00 00 00 00   ................
00B0   00 00 00 00 00 00 00 00  00 00 00 00 00 00 00 00   ................
00C0   00 00 00 00 00 00 00 00  43 52 41 53 48 00 00 00   ........CRASH...
00D0   00 00 00 00 00 00 00 00  00 00 00 00 00 00 00 00   ................
00E0   00 00 00 00 00 00 00 00  00 00 00 00 00 00 00 00   ................
00F0   00 00 00 00 00 00 00 00  00 00 00 00 00 00 00 00   ................
0100   00 00 00 00 00 00 00 00  00 00 00 00 00 00 00 00   ................
0110   00 00 00 00 00 00 00 00  00 00 00 00 00 00 00 00   ................
0120   00 00 00 00 00 00 00 00  00 00 00 00 00 5C 7D 73   .............\}s
0130   58 00                                             X.


Client: 127.0.0.1: Unhandled packet 0xF4
        0  1  2  3  4  5  6  7   8  9  A  B  C  D  E  F
       -- -- -- -- -- -- -- --  -- -- -- -- -- -- -- --
0000   F4 01 32 07 00 0C 00 00  00 00 00 00 00 74 61 73   ..2..........tas
0010   73 32 33 5F 00 34 D3 18  00 05 00 00 00 07 00 00   s23_.4..........
0020   00 0F 00 00 00 84 D1 18  00 B0 18 2E 52 52 61 69   ............RRai
0030   73 74 00 00 00 00 00 00  00 00 00 00 00 00 00 00   st..............
0040   00 00 00 00 00 00 00 00  00 00 00 00 00 31 30 2E   .............10.
0050   30 2E 30 2E 33 00 00 00  00 00 00 00 00 00 00 1A   0.0.3...........
0060   C0 00 00 05 63 6C 69 65  6E 74 2E 65 78 65 00 00   ....client.exe..
0070   00 00 00 00 00 00 00 00  00 00 00 00 00 00 00 00   ................
0080   00 00 00 00 00 00 00 00  00 00 00 00 00 00 00 00   ................
0090   00 00 00 00 00 00 00 00  00 00 00 00 00 00 00 00   ................
00A0   00 00 00 00 00 00 00 00  00 00 00 00 00 00 00 00   ................
00B0   00 00 00 00 00 00 00 00  00 00 00 00 00 00 00 00   ................
00C0   00 00 00 00 00 00 00 00  43 52 41 53 48 00 00 00   ........CRASH...
00D0   00 00 00 00 00 00 00 00  00 00 00 00 00 00 00 00   ................
00E0   00 00 00 00 00 00 00 00  00 00 00 00 00 00 00 00   ................
00F0   00 00 00 00 00 00 00 00  00 00 00 00 00 00 00 00   ................
0100   00 00 00 00 00 00 00 00  00 00 00 00 00 00 00 00   ................
0110   00 00 00 00 00 00 00 00  00 00 00 00 00 00 00 00   ................
0120   00 00 00 00 00 00 00 00  00 00 00 00 00 5C 7D 73   .............\}s
0130   58 00                                             X.


Client: 127.0.0.1: Unhandled packet 0xF4
        0  1  2  3  4  5  6  7   8  9  A  B  C  D  E  F
       -- -- -- -- -- -- -- --  -- -- -- -- -- -- -- --
0000   F4 01 32 07 00 0C 00 00  00 00 00 00 00 74 61 73   ..2..........tas
0010   73 32 33 5F 00 34 D3 18  00 05 00 00 00 07 00 00   s23_.4..........
0020   00 0F 00 00 00 84 D1 18  00 70 3D 20 52 52 61 69   .........p= RRai
0030   73 74 00 00 00 00 00 00  00 00 00 00 00 00 00 00   st..............
0040   00 00 00 00 00 00 00 00  00 00 00 00 00 31 30 2E   .............10.
0050   30 2E 30 2E 33 00 00 00  00 00 00 00 00 01 27 04   0.0.3.........'.
0060   C0 00 00 05 63 6C 69 65  6E 74 2E 65 78 65 00 00   ....client.exe..
0070   00 00 00 00 00 00 00 00  00 00 00 00 00 00 00 00   ................
0080   00 00 00 00 00 00 00 00  00 00 00 00 00 00 00 00   ................
0090   00 00 00 00 00 00 00 00  00 00 00 00 00 00 00 00   ................
00A0   00 00 00 00 00 00 00 00  00 00 00 00 00 00 00 00   ................
00B0   00 00 00 00 00 00 00 00  00 00 00 00 00 00 00 00   ................
00C0   00 00 00 00 00 00 00 00  43 52 41 53 48 00 00 00   ........CRASH...
00D0   00 00 00 00 00 00 00 00  00 00 00 00 00 00 00 00   ................
00E0   00 00 00 00 00 00 00 00  00 00 00 00 00 00 00 00   ................
00F0   00 00 00 00 00 00 00 00  00 00 00 00 00 00 00 00   ................
0100   00 00 00 00 00 00 00 00  00 00 00 00 00 00 00 00   ................
0110   00 00 00 00 00 00 00 00  00 00 00 00 00 00 00 00   ................
0120   00 00 00 00 00 00 00 00  00 00 00 00 00 5C 7D 73   .............\}s
0130   58 00                                             X.


Client: 127.0.0.1: Unhandled packet 0xF4
        0  1  2  3  4  5  6  7   8  9  A  B  C  D  E  F
       -- -- -- -- -- -- -- --  -- -- -- -- -- -- -- --
0000   F4 01 32 07 00 0C 00 00  00 00 00 00 00 74 61 73   ..2..........tas
0010   73 32 33 5F 00 34 D3 18  00 05 00 00 00 07 00 00   s23_.4..........
0020   00 0F 00 00 00 84 D1 18  00 98 3A 42 52 52 61 69   ..........:BRRai
0030   73 74 00 00 00 00 00 00  00 00 00 00 00 00 00 00   st..............
0040   00 00 00 00 00 00 00 00  00 00 00 00 00 31 30 2E   .............10.
0050   30 2E 30 2E 33 00 00 00  00 00 00 00 00 61 BB 76   0.0.3........a.v
0060   C0 00 00 05 63 6C 69 65  6E 74 2E 65 78 65 00 00   ....client.exe..
0070   00 00 00 00 00 00 00 00  00 00 00 00 00 00 00 00   ................
0080   00 00 00 00 00 00 00 00  00 00 00 00 00 00 00 00   ................
0090   00 00 00 00 00 00 00 00  00 00 00 00 00 00 00 00   ................
00A0   00 00 00 00 00 00 00 00  00 00 00 00 00 00 00 00   ................
00B0   00 00 00 00 00 00 00 00  00 00 00 00 00 00 00 00   ................
00C0   00 00 00 00 00 00 00 00  43 52 41 53 48 00 00 00   ........CRASH...
00D0   00 00 00 00 00 00 00 00  00 00 00 00 00 00 00 00   ................
00E0   00 00 00 00 00 00 00 00  00 00 00 00 00 00 00 00   ................
00F0   00 00 00 00 00 00 00 00  00 00 00 00 00 00 00 00   ................
0100   00 00 00 00 00 00 00 00  00 00 00 00 00 00 00 00   ................
0110   00 00 00 00 00 00 00 00  00 00 00 00 00 00 00 00   ................
0120   00 00 00 00 00 00 00 00  00 00 00 00 00 5C 7D 73   .............\}s
0130   58 00                                             X.


Client: 127.0.0.1: Unhandled packet 0xF4
        0  1  2  3  4  5  6  7   8  9  A  B  C  D  E  F
       -- -- -- -- -- -- -- --  -- -- -- -- -- -- -- --
0000   F4 01 32 07 00 0C 00 00  00 00 00 00 00 74 61 73   ..2..........tas
0010   73 32 33 5F 00 34 D3 18  00 05 00 00 00 07 00 00   s23_.4..........
0020   00 0F 00 00 00 84 D1 18  00 38 1A 3A 52 52 61 69   .........8.:RRai
0030   73 74 00 00 00 00 00 00  00 00 00 00 00 00 00 00   st..............
0040   00 00 00 00 00 00 00 00  00 00 00 00 00 31 30 2E   .............10.
0050   30 2E 30 2E 33 00 00 00  00 00 00 00 00 00 49 D5   0.0.3.........I.
0060   C0 00 00 05 63 6C 69 65  6E 74 2E 65 78 65 00 00   ....client.exe..
0070   00 00 00 00 00 00 00 00  00 00 00 00 00 00 00 00   ................
0080   00 00 00 00 00 00 00 00  00 00 00 00 00 00 00 00   ................
0090   00 00 00 00 00 00 00 00  00 00 00 00 00 00 00 00   ................
00A0   00 00 00 00 00 00 00 00  00 00 00 00 00 00 00 00   ................
00B0   00 00 00 00 00 00 00 00  00 00 00 00 00 00 00 00   ................
00C0   00 00 00 00 00 00 00 00  43 52 41 53 48 00 00 00   ........CRASH...
00D0   00 00 00 00 00 00 00 00  00 00 00 00 00 00 00 00   ................
00E0   00 00 00 00 00 00 00 00  00 00 00 00 00 00 00 00   ................
00F0   00 00 00 00 00 00 00 00  00 00 00 00 00 00 00 00   ................
0100   00 00 00 00 00 00 00 00  00 00 00 00 00 00 00 00   ................
0110   00 00 00 00 00 00 00 00  00 00 00 00 00 00 00 00   ................
0120   00 00 00 00 00 00 00 00  00 00 00 00 00 5C 7D 73   .............\}s
0130   58 00                                             X.


Client: 127.0.0.1: Unhandled packet 0xF4
        0  1  2  3  4  5  6  7   8  9  A  B  C  D  E  F
       -- -- -- -- -- -- -- --  -- -- -- -- -- -- -- --
0000   F4 01 32 07 00 0C 00 00  00 00 00 00 00 74 61 73   ..2..........tas
0010   73 32 33 5F 00 34 D3 18  00 05 00 00 00 07 00 00   s23_.4..........
0020   00 0F 00 00 00 84 D1 18  00 90 27 2A 52 52 61 69   ..........'*RRai
0030   73 74 00 00 00 00 00 00  00 00 00 00 00 00 00 00   st..............
0040   00 00 00 00 00 00 00 00  00 00 00 00 00 31 30 2E   .............10.
0050   30 2E 30 2E 33 00 00 00  00 00 00 00 00 02 40 EC   0.0.3.........@.
0060   C0 00 00 05 63 6C 69 65  6E 74 2E 65 78 65 00 00   ....client.exe..
0070   00 00 00 00 00 00 00 00  00 00 00 00 00 00 00 00   ................
0080   00 00 00 00 00 00 00 00  00 00 00 00 00 00 00 00   ................
0090   00 00 00 00 00 00 00 00  00 00 00 00 00 00 00 00   ................
00A0   00 00 00 00 00 00 00 00  00 00 00 00 00 00 00 00   ................
00B0   00 00 00 00 00 00 00 00  00 00 00 00 00 00 00 00   ................
00C0   00 00 00 00 00 00 00 00  43 52 41 53 48 00 00 00   ........CRASH...
00D0   00 00 00 00 00 00 00 00  00 00 00 00 00 00 00 00   ................
00E0   00 00 00 00 00 00 00 00  00 00 00 00 00 00 00 00   ................
00F0   00 00 00 00 00 00 00 00  00 00 00 00 00 00 00 00   ................
0100   00 00 00 00 00 00 00 00  00 00 00 00 00 00 00 00   ................
0110   00 00 00 00 00 00 00 00  00 00 00 00 00 00 00 00   ................
0120   00 00 00 00 00 00 00 00  00 00 00 00 00 5C 7D 73   .............\}s
0130   58 00                                             X.


Client: 127.0.0.1: Unhandled packet 0xF4
        0  1  2  3  4  5  6  7   8  9  A  B  C  D  E  F
       -- -- -- -- -- -- -- --  -- -- -- -- -- -- -- --
0000   F4 01 32 07 00 0C 00 00  00 00 00 00 00 74 61 73   ..2..........tas
0010   73 32 33 5F 00 34 D3 18  00 05 00 00 00 07 00 00   s23_.4..........
0020   00 0F 00 00 00 84 D1 18  00 40 57 39 52 52 61 69   .........@W9RRai
0030   73 74 00 00 00 00 00 00  00 00 00 00 00 00 00 00   st..............
0040   00 00 00 00 00 00 00 00  00 00 00 00 00 31 30 2E   .............10.
0050   30 2E 30 2E 33 00 00 00  00 00 00 00 00 00 73 3A   0.0.3.........s:
0060   C0 00 00 05 63 6C 69 65  6E 74 2E 65 78 65 00 00   ....client.exe..
0070   00 00 00 00 00 00 00 00  00 00 00 00 00 00 00 00   ................
0080   00 00 00 00 00 00 00 00  00 00 00 00 00 00 00 00   ................
0090   00 00 00 00 00 00 00 00  00 00 00 00 00 00 00 00   ................
00A0   00 00 00 00 00 00 00 00  00 00 00 00 00 00 00 00   ................
00B0   00 00 00 00 00 00 00 00  00 00 00 00 00 00 00 00   ................
00C0   00 00 00 00 00 00 00 00  43 52 41 53 48 00 00 00   ........CRASH...
00D0   00 00 00 00 00 00 00 00  00 00 00 00 00 00 00 00   ................
00E0   00 00 00 00 00 00 00 00  00 00 00 00 00 00 00 00   ................
00F0   00 00 00 00 00 00 00 00  00 00 00 00 00 00 00 00   ................
0100   00 00 00 00 00 00 00 00  00 00 00 00 00 00 00 00   ................
0110   00 00 00 00 00 00 00 00  00 00 00 00 00 00 00 00   ................
0120   00 00 00 00 00 00 00 00  00 00 00 00 00 5C 7D 73   .............\}s
0130   58 00                                             X.


Client: 127.0.0.1: Unhandled packet 0xF4
        0  1  2  3  4  5  6  7   8  9  A  B  C  D  E  F
       -- -- -- -- -- -- -- --  -- -- -- -- -- -- -- --
0000   F4 01 32 07 00 0C 00 00  00 00 00 00 00 74 61 73   ..2..........tas
0010   73 32 33 5F 00 34 D3 18  00 05 00 00 00 07 00 00   s23_.4..........
0020   00 0F 00 00 00 84 D1 18  00 F8 30 2A 52 52 61 69   ..........0*RRai
0030   73 74 00 00 00 00 00 00  00 00 00 00 00 00 00 00   st..............
0040   00 00 00 00 00 00 00 00  00 00 00 00 00 31 30 2E   .............10.
0050   30 2E 30 2E 33 00 00 00  00 00 00 00 00 00 C0 2F   0.0.3........../
0060   C0 00 00 05 63 6C 69 65  6E 74 2E 65 78 65 00 00   ....client.exe..
0070   00 00 00 00 00 00 00 00  00 00 00 00 00 00 00 00   ................
0080   00 00 00 00 00 00 00 00  00 00 00 00 00 00 00 00   ................
0090   00 00 00 00 00 00 00 00  00 00 00 00 00 00 00 00   ................
00A0   00 00 00 00 00 00 00 00  00 00 00 00 00 00 00 00   ................
00B0   00 00 00 00 00 00 00 00  00 00 00 00 00 00 00 00   ................
00C0   00 00 00 00 00 00 00 00  43 52 41 53 48 00 00 00   ........CRASH...
00D0   00 00 00 00 00 00 00 00  00 00 00 00 00 00 00 00   ................
00E0   00 00 00 00 00 00 00 00  00 00 00 00 00 00 00 00   ................
00F0   00 00 00 00 00 00 00 00  00 00 00 00 00 00 00 00   ................
0100   00 00 00 00 00 00 00 00  00 00 00 00 00 00 00 00   ................
0110   00 00 00 00 00 00 00 00  00 00 00 00 00 00 00 00   ................
0120   00 00 00 00 00 00 00 00  00 00 00 00 00 5C 7D 73   .............\}s
0130   58 00                                             X.


Client: 127.0.0.1: Unhandled packet 0xF4
        0  1  2  3  4  5  6  7   8  9  A  B  C  D  E  F
       -- -- -- -- -- -- -- --  -- -- -- -- -- -- -- --
0000   F4 01 32 07 00 0C 00 00  00 00 00 00 00 74 61 73   ..2..........tas
0010   73 32 33 5F 00 34 D3 18  00 05 00 00 00 07 00 00   s23_.4..........
0020   00 0F 00 00 00 84 D1 18  00 A0 1C 2E 52 52 61 69   ............RRai
0030   73 74 00 00 00 00 00 00  00 00 00 00 00 00 00 00   st..............
0040   00 00 00 00 00 00 00 00  00 00 00 00 00 31 30 2E   .............10.
0050   30 2E 30 2E 33 00 00 00  00 00 00 00 00 01 9B 6F   0.0.3..........o
0060   C0 00 00 05 63 6C 69 65  6E 74 2E 65 78 65 00 00   ....client.exe..
0070   00 00 00 00 00 00 00 00  00 00 00 00 00 00 00 00   ................
0080   00 00 00 00 00 00 00 00  00 00 00 00 00 00 00 00   ................
0090   00 00 00 00 00 00 00 00  00 00 00 00 00 00 00 00   ................
00A0   00 00 00 00 00 00 00 00  00 00 00 00 00 00 00 00   ................
00B0   00 00 00 00 00 00 00 00  00 00 00 00 00 00 00 00   ................
00C0   00 00 00 00 00 00 00 00  43 52 41 53 48 00 00 00   ........CRASH...
00D0   00 00 00 00 00 00 00 00  00 00 00 00 00 00 00 00   ................
00E0   00 00 00 00 00 00 00 00  00 00 00 00 00 00 00 00   ................
00F0   00 00 00 00 00 00 00 00  00 00 00 00 00 00 00 00   ................
0100   00 00 00 00 00 00 00 00  00 00 00 00 00 00 00 00   ................
0110   00 00 00 00 00 00 00 00  00 00 00 00 00 00 00 00   ................
0120   00 00 00 00 00 00 00 00  00 00 00 00 00 5C 7D 73   .............\}s
0130   58 00                                             X.


Client: 127.0.0.1: Unhandled packet 0xF4
        0  1  2  3  4  5  6  7   8  9  A  B  C  D  E  F
       -- -- -- -- -- -- -- --  -- -- -- -- -- -- -- --
0000   F4 01 32 07 00 0C 00 00  00 00 00 00 00 74 61 73   ..2..........tas
0010   73 32 33 5F 00 34 D3 18  00 05 00 00 00 07 00 00   s23_.4..........
0020   00 0F 00 00 00 84 D1 18  00 C8 20 21 52 52 61 69   .......... !RRai
0030   73 74 00 00 00 00 00 00  00 00 00 00 00 00 00 00   st..............
0040   00 00 00 00 00 00 00 00  00 00 00 00 00 31 30 2E   .............10.
0050   30 2E 30 2E 33 00 00 00  00 00 00 00 00 00 BB B8   0.0.3...........
0060   C0 00 00 05 63 6C 69 65  6E 74 2E 65 78 65 00 00   ....client.exe..
0070   00 00 00 00 00 00 00 00  00 00 00 00 00 00 00 00   ................
0080   00 00 00 00 00 00 00 00  00 00 00 00 00 00 00 00   ................
0090   00 00 00 00 00 00 00 00  00 00 00 00 00 00 00 00   ................
00A0   00 00 00 00 00 00 00 00  00 00 00 00 00 00 00 00   ................
00B0   00 00 00 00 00 00 00 00  00 00 00 00 00 00 00 00   ................
00C0   00 00 00 00 00 00 00 00  43 52 41 53 48 00 00 00   ........CRASH...
00D0   00 00 00 00 00 00 00 00  00 00 00 00 00 00 00 00   ................
00E0   00 00 00 00 00 00 00 00  00 00 00 00 00 00 00 00   ................
00F0   00 00 00 00 00 00 00 00  00 00 00 00 00 00 00 00   ................
0100   00 00 00 00 00 00 00 00  00 00 00 00 00 00 00 00   ................
0110   00 00 00 00 00 00 00 00  00 00 00 00 00 00 00 00   ................
0120   00 00 00 00 00 00 00 00  00 00 00 00 00 5C 7D 73   .............\}s
0130   58 00                                             X.


Client: 127.0.0.1: Unhandled packet 0xF4
        0  1  2  3  4  5  6  7   8  9  A  B  C  D  E  F
       -- -- -- -- -- -- -- --  -- -- -- -- -- -- -- --
0000   F4 01 32 07 00 0C 00 00  00 00 00 00 00 74 61 73   ..2..........tas
0010   73 32 33 5F 00 34 D3 18  00 05 00 00 00 07 00 00   s23_.4..........
0020   00 0F 00 00 00 84 D1 18  00 60 1E 2A 52 52 61 69   .........`.*RRai
0030   73 74 00 00 00 00 00 00  00 00 00 00 00 00 00 00   st..............
0040   00 00 00 00 00 00 00 00  00 00 00 00 00 31 30 2E   .............10.
0050   30 2E 30 2E 33 00 00 00  00 00 00 00 00 00 28 A8   0.0.3.........(.
0060   C0 00 00 05 63 6C 69 65  6E 74 2E 65 78 65 00 00   ....client.exe..
0070   00 00 00 00 00 00 00 00  00 00 00 00 00 00 00 00   ................
0080   00 00 00 00 00 00 00 00  00 00 00 00 00 00 00 00   ................
0090   00 00 00 00 00 00 00 00  00 00 00 00 00 00 00 00   ................
00A0   00 00 00 00 00 00 00 00  00 00 00 00 00 00 00 00   ................
00B0   00 00 00 00 00 00 00 00  00 00 00 00 00 00 00 00   ................
00C0   00 00 00 00 00 00 00 00  43 52 41 53 48 00 00 00   ........CRASH...
00D0   00 00 00 00 00 00 00 00  00 00 00 00 00 00 00 00   ................
00E0   00 00 00 00 00 00 00 00  00 00 00 00 00 00 00 00   ................
00F0   00 00 00 00 00 00 00 00  00 00 00 00 00 00 00 00   ................
0100   00 00 00 00 00 00 00 00  00 00 00 00 00 00 00 00   ................
0110   00 00 00 00 00 00 00 00  00 00 00 00 00 00 00 00   ................
0120   00 00 00 00 00 00 00 00  00 00 00 00 00 5C 7D 73   .............\}s
0130   58 00                                             X.


Client: 127.0.0.1: Unhandled packet 0xF4
        0  1  2  3  4  5  6  7   8  9  A  B  C  D  E  F
       -- -- -- -- -- -- -- --  -- -- -- -- -- -- -- --
0000   F4 01 32 07 00 0C 00 00  00 00 00 00 00 74 61 73   ..2..........tas
0010   73 32 33 5F 00 34 D3 18  00 05 00 00 00 07 00 00   s23_.4..........
0020   00 0F 00 00 00 84 D1 18  00 38 21 2E 52 52 61 69   .........8!.RRai
0030   73 74 00 00 00 00 00 00  00 00 00 00 00 00 00 00   st..............
0040   00 00 00 00 00 00 00 00  00 00 00 00 00 31 30 2E   .............10.
0050   30 2E 30 2E 33 00 00 00  00 00 00 00 00 00 43 EF   0.0.3.........C.
0060   C0 00 00 05 63 6C 69 65  6E 74 2E 65 78 65 00 00   ....client.exe..
0070   00 00 00 00 00 00 00 00  00 00 00 00 00 00 00 00   ................
0080   00 00 00 00 00 00 00 00  00 00 00 00 00 00 00 00   ................
0090   00 00 00 00 00 00 00 00  00 00 00 00 00 00 00 00   ................
00A0   00 00 00 00 00 00 00 00  00 00 00 00 00 00 00 00   ................
00B0   00 00 00 00 00 00 00 00  00 00 00 00 00 00 00 00   ................
00C0   00 00 00 00 00 00 00 00  43 52 41 53 48 00 00 00   ........CRASH...
00D0   00 00 00 00 00 00 00 00  00 00 00 00 00 00 00 00   ................
00E0   00 00 00 00 00 00 00 00  00 00 00 00 00 00 00 00   ................
00F0   00 00 00 00 00 00 00 00  00 00 00 00 00 00 00 00   ................
0100   00 00 00 00 00 00 00 00  00 00 00 00 00 00 00 00   ................
0110   00 00 00 00 00 00 00 00  00 00 00 00 00 00 00 00   ................
0120   00 00 00 00 00 00 00 00  00 00 00 00 00 5C 7D 73   .............\}s
0130   58 00                                             X.


Client: 127.0.0.1: Unhandled packet 0xF4
        0  1  2  3  4  5  6  7   8  9  A  B  C  D  E  F
       -- -- -- -- -- -- -- --  -- -- -- -- -- -- -- --
0000   F4 01 32 07 00 0C 00 00  00 00 00 00 00 74 61 73   ..2..........tas
0010   73 32 33 5F 00 34 D3 18  00 05 00 00 00 07 00 00   s23_.4..........
0020   00 0F 00 00 00 84 D1 18  00 D8 1C 20 52 52 61 69   ........... RRai
0030   73 74 00 00 00 00 00 00  00 00 00 00 00 00 00 00   st..............
0040   00 00 00 00 00 00 00 00  00 00 00 00 00 31 30 2E   .............10.
0050   30 2E 30 2E 33 00 00 00  00 00 00 00 00 00 48 BF   0.0.3.........H.
0060   C0 00 00 05 63 6C 69 65  6E 74 2E 65 78 65 00 00   ....client.exe..
0070   00 00 00 00 00 00 00 00  00 00 00 00 00 00 00 00   ................
0080   00 00 00 00 00 00 00 00  00 00 00 00 00 00 00 00   ................
0090   00 00 00 00 00 00 00 00  00 00 00 00 00 00 00 00   ................
00A0   00 00 00 00 00 00 00 00  00 00 00 00 00 00 00 00   ................
00B0   00 00 00 00 00 00 00 00  00 00 00 00 00 00 00 00   ................
00C0   00 00 00 00 00 00 00 00  43 52 41 53 48 00 00 00   ........CRASH...
00D0   00 00 00 00 00 00 00 00  00 00 00 00 00 00 00 00   ................
00E0   00 00 00 00 00 00 00 00  00 00 00 00 00 00 00 00   ................
00F0   00 00 00 00 00 00 00 00  00 00 00 00 00 00 00 00   ................
0100   00 00 00 00 00 00 00 00  00 00 00 00 00 00 00 00   ................
0110   00 00 00 00 00 00 00 00  00 00 00 00 00 00 00 00   ................
0120   00 00 00 00 00 00 00 00  00 00 00 00 00 5C 7D 73   .............\}s
0130   58 00                                             X.


Client: 127.0.0.1: Unhandled packet 0xF4
        0  1  2  3  4  5  6  7   8  9  A  B  C  D  E  F
       -- -- -- -- -- -- -- --  -- -- -- -- -- -- -- --
0000   F4 01 32 07 00 0C 00 00  00 00 00 00 00 74 61 73   ..2..........tas
0010   73 32 33 5F 00 34 D3 18  00 05 00 00 00 07 00 00   s23_.4..........
0020   00 0F 00 00 00 84 D1 18  00 E0 28 20 52 52 61 69   ..........( RRai
0030   73 74 00 00 00 00 00 00  00 00 00 00 00 00 00 00   st..............
0040   00 00 00 00 00 00 00 00  00 00 00 00 00 31 30 2E   .............10.
0050   30 2E 30 2E 33 00 00 00  00 00 00 00 00 00 B7 97   0.0.3...........
0060   C0 00 00 05 63 6C 69 65  6E 74 2E 65 78 65 00 00   ....client.exe..
0070   00 00 00 00 00 00 00 00  00 00 00 00 00 00 00 00   ................
0080   00 00 00 00 00 00 00 00  00 00 00 00 00 00 00 00   ................
0090   00 00 00 00 00 00 00 00  00 00 00 00 00 00 00 00   ................
00A0   00 00 00 00 00 00 00 00  00 00 00 00 00 00 00 00   ................
00B0   00 00 00 00 00 00 00 00  00 00 00 00 00 00 00 00   ................
00C0   00 00 00 00 00 00 00 00  43 52 41 53 48 00 00 00   ........CRASH...
00D0   00 00 00 00 00 00 00 00  00 00 00 00 00 00 00 00   ................
00E0   00 00 00 00 00 00 00 00  00 00 00 00 00 00 00 00   ................
00F0   00 00 00 00 00 00 00 00  00 00 00 00 00 00 00 00   ................
0100   00 00 00 00 00 00 00 00  00 00 00 00 00 00 00 00   ................
0110   00 00 00 00 00 00 00 00  00 00 00 00 00 00 00 00   ................
0120   00 00 00 00 00 00 00 00  00 00 00 00 00 5C 7D 73   .............\}s
0130   58 00                                             X.


Client: 127.0.0.1: Unhandled packet 0xF4
        0  1  2  3  4  5  6  7   8  9  A  B  C  D  E  F
       -- -- -- -- -- -- -- --  -- -- -- -- -- -- -- --
0000   F4 01 32 07 00 0C 00 00  00 00 00 00 00 74 61 73   ..2..........tas
0010   73 32 33 5F 00 34 D3 18  00 05 00 00 00 07 00 00   s23_.4..........
0020   00 0F 00 00 00 84 D1 18  00 A0 2A 37 52 52 61 69   ..........*7RRai
0030   73 74 00 00 00 00 00 00  00 00 00 00 00 00 00 00   st..............
0040   00 00 00 00 00 00 00 00  00 00 00 00 00 31 30 2E   .............10.
0050   30 2E 30 2E 33 00 00 00  00 00 00 00 00 03 1A 0D   0.0.3...........
0060   C0 00 00 05 63 6C 69 65  6E 74 2E 65 78 65 00 00   ....client.exe..
0070   00 00 00 00 00 00 00 00  00 00 00 00 00 00 00 00   ................
0080   00 00 00 00 00 00 00 00  00 00 00 00 00 00 00 00   ................
0090   00 00 00 00 00 00 00 00  00 00 00 00 00 00 00 00   ................
00A0   00 00 00 00 00 00 00 00  00 00 00 00 00 00 00 00   ................
00B0   00 00 00 00 00 00 00 00  00 00 00 00 00 00 00 00   ................
00C0   00 00 00 00 00 00 00 00  43 52 41 53 48 00 00 00   ........CRASH...
00D0   00 00 00 00 00 00 00 00  00 00 00 00 00 00 00 00   ................
00E0   00 00 00 00 00 00 00 00  00 00 00 00 00 00 00 00   ................
00F0   00 00 00 00 00 00 00 00  00 00 00 00 00 00 00 00   ................
0100   00 00 00 00 00 00 00 00  00 00 00 00 00 00 00 00   ................
0110   00 00 00 00 00 00 00 00  00 00 00 00 00 00 00 00   ................
0120   00 00 00 00 00 00 00 00  00 00 00 00 00 5C 7D 73   .............\}s
0130   58 00                                             X.


Client: 127.0.0.1: Unhandled packet 0xF4
        0  1  2  3  4  5  6  7   8  9  A  B  C  D  E  F
       -- -- -- -- -- -- -- --  -- -- -- -- -- -- -- --
0000   F4 01 32 07 00 0C 00 00  00 00 00 00 00 74 61 73   ..2..........tas
0010   73 32 33 5F 00 34 D3 18  00 05 00 00 00 07 00 00   s23_.4..........
0020   00 0F 00 00 00 84 D1 18  00 C0 29 2B 52 52 61 69   ..........)+RRai
0030   73 74 00 00 00 00 00 00  00 00 00 00 00 00 00 00   st..............
0040   00 00 00 00 00 00 00 00  00 00 00 00 00 31 30 2E   .............10.
0050   30 2E 30 2E 33 00 00 00  00 00 00 00 00 01 C6 5B   0.0.3..........[
0060   C0 00 00 05 63 6C 69 65  6E 74 2E 65 78 65 00 00   ....client.exe..
0070   00 00 00 00 00 00 00 00  00 00 00 00 00 00 00 00   ................
0080   00 00 00 00 00 00 00 00  00 00 00 00 00 00 00 00   ................
0090   00 00 00 00 00 00 00 00  00 00 00 00 00 00 00 00   ................
00A0   00 00 00 00 00 00 00 00  00 00 00 00 00 00 00 00   ................
00B0   00 00 00 00 00 00 00 00  00 00 00 00 00 00 00 00   ................
00C0   00 00 00 00 00 00 00 00  43 52 41 53 48 00 00 00   ........CRASH...
00D0   00 00 00 00 00 00 00 00  00 00 00 00 00 00 00 00   ................
00E0   00 00 00 00 00 00 00 00  00 00 00 00 00 00 00 00   ................
00F0   00 00 00 00 00 00 00 00  00 00 00 00 00 00 00 00   ................
0100   00 00 00 00 00 00 00 00  00 00 00 00 00 00 00 00   ................
0110   00 00 00 00 00 00 00 00  00 00 00 00 00 00 00 00   ................
0120   00 00 00 00 00 00 00 00  00 00 00 00 00 5C 7D 73   .............\}s
0130   58 00                                             X.


Client: 127.0.0.1: Unhandled packet 0xF4
        0  1  2  3  4  5  6  7   8  9  A  B  C  D  E  F
       -- -- -- -- -- -- -- --  -- -- -- -- -- -- -- --
0000   F4 01 32 07 00 0C 00 00  00 00 00 00 00 74 61 73   ..2..........tas
0010   73 32 33 5F 00 34 D3 18  00 05 00 00 00 07 00 00   s23_.4..........
0020   00 0F 00 00 00 84 D1 18  00 78 2D 20 52 52 61 69   .........x- RRai
0030   73 74 00 00 00 00 00 00  00 00 00 00 00 00 00 00   st..............
0040   00 00 00 00 00 00 00 00  00 00 00 00 00 31 30 2E   .............10.
0050   30 2E 30 2E 33 00 00 00  00 00 00 00 00 02 48 56   0.0.3.........HV
0060   C0 00 00 05 63 6C 69 65  6E 74 2E 65 78 65 00 00   ....client.exe..
0070   00 00 00 00 00 00 00 00  00 00 00 00 00 00 00 00   ................
0080   00 00 00 00 00 00 00 00  00 00 00 00 00 00 00 00   ................
0090   00 00 00 00 00 00 00 00  00 00 00 00 00 00 00 00   ................
00A0   00 00 00 00 00 00 00 00  00 00 00 00 00 00 00 00   ................
00B0   00 00 00 00 00 00 00 00  00 00 00 00 00 00 00 00   ................
00C0   00 00 00 00 00 00 00 00  43 52 41 53 48 00 00 00   ........CRASH...
00D0   00 00 00 00 00 00 00 00  00 00 00 00 00 00 00 00   ................
00E0   00 00 00 00 00 00 00 00  00 00 00 00 00 00 00 00   ................
00F0   00 00 00 00 00 00 00 00  00 00 00 00 00 00 00 00   ................
0100   00 00 00 00 00 00 00 00  00 00 00 00 00 00 00 00   ................
0110   00 00 00 00 00 00 00 00  00 00 00 00 00 00 00 00   ................
0120   00 00 00 00 00 00 00 00  00 00 00 00 00 5C 7D 73   .............\}s
0130   58 00                                             X.


Client: 127.0.0.1: Unhandled packet 0xF4
        0  1  2  3  4  5  6  7   8  9  A  B  C  D  E  F
       -- -- -- -- -- -- -- --  -- -- -- -- -- -- -- --
0000   F4 01 32 07 00 0C 00 00  00 00 00 00 00 74 61 73   ..2..........tas
0010   73 32 33 5F 00 34 D3 18  00 05 00 00 00 07 00 00   s23_.4..........
0020   00 0F 00 00 00 84 D1 18  00 48 24 35 52 52 61 69   .........H$5RRai
0030   73 74 00 00 00 00 00 00  00 00 00 00 00 00 00 00   st..............
0040   00 00 00 00 00 00 00 00  00 00 00 00 00 31 30 2E   .............10.
0050   30 2E 30 2E 33 00 00 00  00 00 00 00 00 02 0C C5   0.0.3...........
0060   C0 00 00 05 63 6C 69 65  6E 74 2E 65 78 65 00 00   ....client.exe..
0070   00 00 00 00 00 00 00 00  00 00 00 00 00 00 00 00   ................
0080   00 00 00 00 00 00 00 00  00 00 00 00 00 00 00 00   ................
0090   00 00 00 00 00 00 00 00  00 00 00 00 00 00 00 00   ................
00A0   00 00 00 00 00 00 00 00  00 00 00 00 00 00 00 00   ................
00B0   00 00 00 00 00 00 00 00  00 00 00 00 00 00 00 00   ................
00C0   00 00 00 00 00 00 00 00  43 52 41 53 48 00 00 00   ........CRASH...
00D0   00 00 00 00 00 00 00 00  00 00 00 00 00 00 00 00   ................
00E0   00 00 00 00 00 00 00 00  00 00 00 00 00 00 00 00   ................
00F0   00 00 00 00 00 00 00 00  00 00 00 00 00 00 00 00   ................
0100   00 00 00 00 00 00 00 00  00 00 00 00 00 00 00 00   ................
0110   00 00 00 00 00 00 00 00  00 00 00 00 00 00 00 00   ................
0120   00 00 00 00 00 00 00 00  00 00 00 00 00 5C 7D 73   .............\}s
0130   58 00                                             X.


Client: 127.0.0.1: Unhandled packet 0xF4
        0  1  2  3  4  5  6  7   8  9  A  B  C  D  E  F
       -- -- -- -- -- -- -- --  -- -- -- -- -- -- -- --
0000   F4 01 32 07 00 0C 00 00  00 00 00 00 00 74 61 73   ..2..........tas
0010   73 32 33 5F 00 34 D3 18  00 05 00 00 00 07 00 00   s23_.4..........
0020   00 0F 00 00 00 84 D1 18  00 18 1B 3A 52 52 61 69   ...........:RRai
0030   73 74 00 00 00 00 00 00  00 00 00 00 00 00 00 00   st..............
0040   00 00 00 00 00 00 00 00  00 00 00 00 00 31 30 2E   .............10.
0050   30 2E 30 2E 33 00 00 00  00 00 00 00 00 02 A1 4B   0.0.3..........K
0060   C0 00 00 05 63 6C 69 65  6E 74 2E 65 78 65 00 00   ....client.exe..
0070   00 00 00 00 00 00 00 00  00 00 00 00 00 00 00 00   ................
0080   00 00 00 00 00 00 00 00  00 00 00 00 00 00 00 00   ................
0090   00 00 00 00 00 00 00 00  00 00 00 00 00 00 00 00   ................
00A0   00 00 00 00 00 00 00 00  00 00 00 00 00 00 00 00   ................
00B0   00 00 00 00 00 00 00 00  00 00 00 00 00 00 00 00   ................
00C0   00 00 00 00 00 00 00 00  43 52 41 53 48 00 00 00   ........CRASH...
00D0   00 00 00 00 00 00 00 00  00 00 00 00 00 00 00 00   ................
00E0   00 00 00 00 00 00 00 00  00 00 00 00 00 00 00 00   ................
00F0   00 00 00 00 00 00 00 00  00 00 00 00 00 00 00 00   ................
0100   00 00 00 00 00 00 00 00  00 00 00 00 00 00 00 00   ................
0110   00 00 00 00 00 00 00 00  00 00 00 00 00 00 00 00   ................
0120   00 00 00 00 00 00 00 00  00 00 00 00 00 5C 7D 73   .............\}s
0130   58 00                                             X.


Client: 127.0.0.1: Unhandled packet 0xF4
        0  1  2  3  4  5  6  7   8  9  A  B  C  D  E  F
       -- -- -- -- -- -- -- --  -- -- -- -- -- -- -- --
0000   F4 01 32 07 00 0C 00 00  00 00 00 00 00 74 61 73   ..2..........tas
0010   73 32 33 5F 00 34 D3 18  00 05 00 00 00 07 00 00   s23_.4..........
0020   00 0F 00 00 00 84 D1 18  00 38 3D 1C 52 52 61 69   .........8=.RRai
0030   73 74 00 00 00 00 00 00  00 00 00 00 00 00 00 00   st..............
0040   00 00 00 00 00 00 00 00  00 00 00 00 00 31 30 2E   .............10.
0050   30 2E 30 2E 33 00 00 00  00 00 00 00 00 00 53 BA   0.0.3.........S.
0060   C0 00 00 05 63 6C 69 65  6E 74 2E 65 78 65 00 00   ....client.exe..
0070   00 00 00 00 00 00 00 00  00 00 00 00 00 00 00 00   ................
0080   00 00 00 00 00 00 00 00  00 00 00 00 00 00 00 00   ................
0090   00 00 00 00 00 00 00 00  00 00 00 00 00 00 00 00   ................
00A0   00 00 00 00 00 00 00 00  00 00 00 00 00 00 00 00   ................
00B0   00 00 00 00 00 00 00 00  00 00 00 00 00 00 00 00   ................
00C0   00 00 00 00 00 00 00 00  43 52 41 53 48 00 00 00   ........CRASH...
00D0   00 00 00 00 00 00 00 00  00 00 00 00 00 00 00 00   ................
00E0   00 00 00 00 00 00 00 00  00 00 00 00 00 00 00 00   ................
00F0   00 00 00 00 00 00 00 00  00 00 00 00 00 00 00 00   ................
0100   00 00 00 00 00 00 00 00  00 00 00 00 00 00 00 00   ................
0110   00 00 00 00 00 00 00 00  00 00 00 00 00 00 00 00   ................
0120   00 00 00 00 00 00 00 00  00 00 00 00 00 5C 7D 73   .............\}s
0130   58 00                                             X.


Client: 127.0.0.1: Unhandled packet 0xF4
        0  1  2  3  4  5  6  7   8  9  A  B  C  D  E  F
       -- -- -- -- -- -- -- --  -- -- -- -- -- -- -- --
0000   F4 01 32 07 00 0C 00 00  00 00 00 00 00 74 61 73   ..2..........tas
0010   73 32 33 5F 00 34 D3 18  00 05 00 00 00 07 00 00   s23_.4..........
0020   00 0F 00 00 00 84 D1 18  00 F8 1B 1E 52 52 61 69   ............RRai
0030   73 74 00 00 00 00 00 00  00 00 00 00 00 00 00 00   st..............
0040   00 00 00 00 00 00 00 00  00 00 00 00 00 31 30 2E   .............10.
0050   30 2E 30 2E 33 00 00 00  00 00 00 00 00 02 63 66   0.0.3.........cf
0060   C0 00 00 05 63 6C 69 65  6E 74 2E 65 78 65 00 00   ....client.exe..
0070   00 00 00 00 00 00 00 00  00 00 00 00 00 00 00 00   ................
0080   00 00 00 00 00 00 00 00  00 00 00 00 00 00 00 00   ................
0090   00 00 00 00 00 00 00 00  00 00 00 00 00 00 00 00   ................
00A0   00 00 00 00 00 00 00 00  00 00 00 00 00 00 00 00   ................
00B0   00 00 00 00 00 00 00 00  00 00 00 00 00 00 00 00   ................
00C0   00 00 00 00 00 00 00 00  43 52 41 53 48 00 00 00   ........CRASH...
00D0   00 00 00 00 00 00 00 00  00 00 00 00 00 00 00 00   ................
00E0   00 00 00 00 00 00 00 00  00 00 00 00 00 00 00 00   ................
00F0   00 00 00 00 00 00 00 00  00 00 00 00 00 00 00 00   ................
0100   00 00 00 00 00 00 00 00  00 00 00 00 00 00 00 00   ................
0110   00 00 00 00 00 00 00 00  00 00 00 00 00 00 00 00   ................
0120   00 00 00 00 00 00 00 00  00 00 00 00 00 5C 7D 73   .............\}s
0130   58 00                                             X.


Client: 127.0.0.1: Unhandled packet 0xF4
        0  1  2  3  4  5  6  7   8  9  A  B  C  D  E  F
       -- -- -- -- -- -- -- --  -- -- -- -- -- -- -- --
0000   F4 01 32 07 00 0C 00 00  00 00 00 00 00 74 61 73   ..2..........tas
0010   73 32 33 5F 00 34 D3 18  00 05 00 00 00 07 00 00   s23_.4..........
0020   00 0F 00 00 00 84 D1 18  00 C8 27 2B 52 52 61 69   ..........'+RRai
0030   73 74 00 00 00 00 00 00  00 00 00 00 00 00 00 00   st..............
0040   00 00 00 00 00 00 00 00  00 00 00 00 00 31 30 2E   .............10.
0050   30 2E 30 2E 33 00 00 00  00 00 00 00 00 00 4B 57   0.0.3.........KW
0060   C0 00 00 05 63 6C 69 65  6E 74 2E 65 78 65 00 00   ....client.exe..
0070   00 00 00 00 00 00 00 00  00 00 00 00 00 00 00 00   ................
0080   00 00 00 00 00 00 00 00  00 00 00 00 00 00 00 00   ................
0090   00 00 00 00 00 00 00 00  00 00 00 00 00 00 00 00   ................
00A0   00 00 00 00 00 00 00 00  00 00 00 00 00 00 00 00   ................
00B0   00 00 00 00 00 00 00 00  00 00 00 00 00 00 00 00   ................
00C0   00 00 00 00 00 00 00 00  43 52 41 53 48 00 00 00   ........CRASH...
00D0   00 00 00 00 00 00 00 00  00 00 00 00 00 00 00 00   ................
00E0   00 00 00 00 00 00 00 00  00 00 00 00 00 00 00 00   ................
00F0   00 00 00 00 00 00 00 00  00 00 00 00 00 00 00 00   ................
0100   00 00 00 00 00 00 00 00  00 00 00 00 00 00 00 00   ................
0110   00 00 00 00 00 00 00 00  00 00 00 00 00 00 00 00   ................
0120   00 00 00 00 00 00 00 00  00 00 00 00 00 5C 7D 73   .............\}s
0130   58 00                                             X.


Client: 127.0.0.1: Unhandled packet 0xF4
        0  1  2  3  4  5  6  7   8  9  A  B  C  D  E  F
       -- -- -- -- -- -- -- --  -- -- -- -- -- -- -- --
0000   F4 01 32 07 00 0C 00 00  00 00 00 00 00 74 61 73   ..2..........tas
0010   73 32 33 5F 00 34 D3 18  00 05 00 00 00 07 00 00   s23_.4..........
0020   00 0F 00 00 00 84 D1 18  00 80 39 3E 52 52 61 69   ..........9>RRai
0030   73 74 00 00 00 00 00 00  00 00 00 00 00 00 00 00   st..............
0040   00 00 00 00 00 00 00 00  00 00 00 00 00 31 30 2E   .............10.
0050   30 2E 30 2E 33 00 00 00  00 00 00 00 00 00 50 06   0.0.3.........P.
0060   C0 00 00 05 63 6C 69 65  6E 74 2E 65 78 65 00 00   ....client.exe..
0070   00 00 00 00 00 00 00 00  00 00 00 00 00 00 00 00   ................
0080   00 00 00 00 00 00 00 00  00 00 00 00 00 00 00 00   ................
0090   00 00 00 00 00 00 00 00  00 00 00 00 00 00 00 00   ................
00A0   00 00 00 00 00 00 00 00  00 00 00 00 00 00 00 00   ................
00B0   00 00 00 00 00 00 00 00  00 00 00 00 00 00 00 00   ................
00C0   00 00 00 00 00 00 00 00  43 52 41 53 48 00 00 00   ........CRASH...
00D0   00 00 00 00 00 00 00 00  00 00 00 00 00 00 00 00   ................
00E0   00 00 00 00 00 00 00 00  00 00 00 00 00 00 00 00   ................
00F0   00 00 00 00 00 00 00 00  00 00 00 00 00 00 00 00   ................
0100   00 00 00 00 00 00 00 00  00 00 00 00 00 00 00 00   ................
0110   00 00 00 00 00 00 00 00  00 00 00 00 00 00 00 00   ................
0120   00 00 00 00 00 00 00 00  00 00 00 00 00 5C 7D 73   .............\}s
0130   58 00                                             X.


Client: 127.0.0.1: Unhandled packet 0xF4
        0  1  2  3  4  5  6  7   8  9  A  B  C  D  E  F
       -- -- -- -- -- -- -- --  -- -- -- -- -- -- -- --
0000   F4 01 32 07 00 0C 00 00  00 00 00 00 00 74 61 73   ..2..........tas
0010   73 32 33 5F 00 34 D3 18  00 05 00 00 00 07 00 00   s23_.4..........
0020   00 0F 00 00 00 84 D1 18  00 08 1F 3E 52 52 61 69   ...........>RRai
0030   73 74 00 00 00 00 00 00  00 00 00 00 00 00 00 00   st..............
0040   00 00 00 00 00 00 00 00  00 00 00 00 00 31 30 2E   .............10.
0050   30 2E 30 2E 33 00 00 00  00 00 00 00 00 01 12 29   0.0.3..........)
0060   C0 00 00 05 63 6C 69 65  6E 74 2E 65 78 65 00 00   ....client.exe..
0070   00 00 00 00 00 00 00 00  00 00 00 00 00 00 00 00   ................
0080   00 00 00 00 00 00 00 00  00 00 00 00 00 00 00 00   ................
0090   00 00 00 00 00 00 00 00  00 00 00 00 00 00 00 00   ................
00A0   00 00 00 00 00 00 00 00  00 00 00 00 00 00 00 00   ................
00B0   00 00 00 00 00 00 00 00  00 00 00 00 00 00 00 00   ................
00C0   00 00 00 00 00 00 00 00  43 52 41 53 48 00 00 00   ........CRASH...
00D0   00 00 00 00 00 00 00 00  00 00 00 00 00 00 00 00   ................
00E0   00 00 00 00 00 00 00 00  00 00 00 00 00 00 00 00   ................
00F0   00 00 00 00 00 00 00 00  00 00 00 00 00 00 00 00   ................
0100   00 00 00 00 00 00 00 00  00 00 00 00 00 00 00 00   ................
0110   00 00 00 00 00 00 00 00  00 00 00 00 00 00 00 00   ................
0120   00 00 00 00 00 00 00 00  00 00 00 00 00 5C 7D 73   .............\}s
0130   58 00                                             X.


Client: 127.0.0.1: Unhandled packet 0xF4
        0  1  2  3  4  5  6  7   8  9  A  B  C  D  E  F
       -- -- -- -- -- -- -- --  -- -- -- -- -- -- -- --
0000   F4 01 32 07 00 0C 00 00  00 00 00 00 00 74 61 73   ..2..........tas
0010   73 32 33 5F 00 34 D3 18  00 05 00 00 00 07 00 00   s23_.4..........
0020   00 0F 00 00 00 84 D1 18  00 78 26 20 52 52 61 69   .........x& RRai
0030   73 74 00 00 00 00 00 00  00 00 00 00 00 00 00 00   st..............
0040   00 00 00 00 00 00 00 00  00 00 00 00 00 31 30 2E   .............10.
0050   30 2E 30 2E 33 00 00 00  00 00 00 00 00 00 50 61   0.0.3.........Pa
0060   C0 00 00 05 63 6C 69 65  6E 74 2E 65 78 65 00 00   ....client.exe..
0070   00 00 00 00 00 00 00 00  00 00 00 00 00 00 00 00   ................
0080   00 00 00 00 00 00 00 00  00 00 00 00 00 00 00 00   ................
0090   00 00 00 00 00 00 00 00  00 00 00 00 00 00 00 00   ................
00A0   00 00 00 00 00 00 00 00  00 00 00 00 00 00 00 00   ................
00B0   00 00 00 00 00 00 00 00  00 00 00 00 00 00 00 00   ................
00C0   00 00 00 00 00 00 00 00  43 52 41 53 48 00 00 00   ........CRASH...
00D0   00 00 00 00 00 00 00 00  00 00 00 00 00 00 00 00   ................
00E0   00 00 00 00 00 00 00 00  00 00 00 00 00 00 00 00   ................
00F0   00 00 00 00 00 00 00 00  00 00 00 00 00 00 00 00   ................
0100   00 00 00 00 00 00 00 00  00 00 00 00 00 00 00 00   ................
0110   00 00 00 00 00 00 00 00  00 00 00 00 00 00 00 00   ................
0120   00 00 00 00 00 00 00 00  00 00 00 00 00 5C 7D 73   .............\}s
0130   58 00                                             X.


Client: 127.0.0.1: Unhandled packet 0xF4
        0  1  2  3  4  5  6  7   8  9  A  B  C  D  E  F
       -- -- -- -- -- -- -- --  -- -- -- -- -- -- -- --
0000   F4 01 32 07 00 0C 00 00  00 00 00 00 00 74 61 73   ..2..........tas
0010   73 32 33 5F 00 34 D3 18  00 05 00 00 00 07 00 00   s23_.4..........
0020   00 0F 00 00 00 84 D1 18  00 F0 24 2E 52 52 61 69   ..........$.RRai
0030   73 74 00 00 00 00 00 00  00 00 00 00 00 00 00 00   st..............
0040   00 00 00 00 00 00 00 00  00 00 00 00 00 31 30 2E   .............10.
0050   30 2E 30 2E 33 00 00 00  00 00 00 00 00 00 71 7A   0.0.3.........qz
0060   C0 00 00 05 63 6C 69 65  6E 74 2E 65 78 65 00 00   ....client.exe..
0070   00 00 00 00 00 00 00 00  00 00 00 00 00 00 00 00   ................
0080   00 00 00 00 00 00 00 00  00 00 00 00 00 00 00 00   ................
0090   00 00 00 00 00 00 00 00  00 00 00 00 00 00 00 00   ................
00A0   00 00 00 00 00 00 00 00  00 00 00 00 00 00 00 00   ................
00B0   00 00 00 00 00 00 00 00  00 00 00 00 00 00 00 00   ................
00C0   00 00 00 00 00 00 00 00  43 52 41 53 48 00 00 00   ........CRASH...
00D0   00 00 00 00 00 00 00 00  00 00 00 00 00 00 00 00   ................
00E0   00 00 00 00 00 00 00 00  00 00 00 00 00 00 00 00   ................
00F0   00 00 00 00 00 00 00 00  00 00 00 00 00 00 00 00   ................
0100   00 00 00 00 00 00 00 00  00 00 00 00 00 00 00 00   ................
0110   00 00 00 00 00 00 00 00  00 00 00 00 00 00 00 00   ................
0120   00 00 00 00 00 00 00 00  00 00 00 00 00 5C 7D 73   .............\}s
0130   58 00                                             X.


Client: 127.0.0.1: Unhandled packet 0xF4
        0  1  2  3  4  5  6  7   8  9  A  B  C  D  E  F
       -- -- -- -- -- -- -- --  -- -- -- -- -- -- -- --
0000   F4 01 32 07 00 0C 00 00  00 00 00 00 00 74 61 73   ..2..........tas
0010   73 32 33 5F 00 34 D3 18  00 05 00 00 00 07 00 00   s23_.4..........
0020   00 0F 00 00 00 84 D1 18  00 58 20 2A 52 52 61 69   .........X *RRai
0030   73 74 00 00 00 00 00 00  00 00 00 00 00 00 00 00   st..............
0040   00 00 00 00 00 00 00 00  00 00 00 00 00 31 30 2E   .............10.
0050   30 2E 30 2E 33 00 00 00  00 00 00 00 00 00 45 56   0.0.3.........EV
0060   C0 00 00 05 63 6C 69 65  6E 74 2E 65 78 65 00 00   ....client.exe..
0070   00 00 00 00 00 00 00 00  00 00 00 00 00 00 00 00   ................
0080   00 00 00 00 00 00 00 00  00 00 00 00 00 00 00 00   ................
0090   00 00 00 00 00 00 00 00  00 00 00 00 00 00 00 00   ................
00A0   00 00 00 00 00 00 00 00  00 00 00 00 00 00 00 00   ................
00B0   00 00 00 00 00 00 00 00  00 00 00 00 00 00 00 00   ................
00C0   00 00 00 00 00 00 00 00  43 52 41 53 48 00 00 00   ........CRASH...
00D0   00 00 00 00 00 00 00 00  00 00 00 00 00 00 00 00   ................
00E0   00 00 00 00 00 00 00 00  00 00 00 00 00 00 00 00   ................
00F0   00 00 00 00 00 00 00 00  00 00 00 00 00 00 00 00   ................
0100   00 00 00 00 00 00 00 00  00 00 00 00 00 00 00 00   ................
0110   00 00 00 00 00 00 00 00  00 00 00 00 00 00 00 00   ................
0120   00 00 00 00 00 00 00 00  00 00 00 00 00 5C 7D 73   .............\}s
0130   58 00                                             X.


Client: 127.0.0.1: Unhandled packet 0xF4
        0  1  2  3  4  5  6  7   8  9  A  B  C  D  E  F
       -- -- -- -- -- -- -- --  -- -- -- -- -- -- -- --
0000   F4 01 32 07 00 0C 00 00  00 00 00 00 00 74 61 73   ..2..........tas
0010   73 32 33 5F 00 34 D3 18  00 05 00 00 00 07 00 00   s23_.4..........
0020   00 0F 00 00 00 84 D1 18  00 B0 18 43 52 52 61 69   ...........CRRai
0030   73 74 00 00 00 00 00 00  00 00 00 00 00 00 00 00   st..............
0040   00 00 00 00 00 00 00 00  00 00 00 00 00 31 30 2E   .............10.
0050   30 2E 30 2E 33 00 00 00  00 00 00 00 00 00 00 0C   0.0.3...........
0060   C0 00 00 05 63 6C 69 65  6E 74 2E 65 78 65 00 00   ....client.exe..
0070   00 00 00 00 00 00 00 00  00 00 00 00 00 00 00 00   ................
0080   00 00 00 00 00 00 00 00  00 00 00 00 00 00 00 00   ................
0090   00 00 00 00 00 00 00 00  00 00 00 00 00 00 00 00   ................
00A0   00 00 00 00 00 00 00 00  00 00 00 00 00 00 00 00   ................
00B0   00 00 00 00 00 00 00 00  00 00 00 00 00 00 00 00   ................
00C0   00 00 00 00 00 00 00 00  43 52 41 53 48 00 00 00   ........CRASH...
00D0   00 00 00 00 00 00 00 00  00 00 00 00 00 00 00 00   ................
00E0   00 00 00 00 00 00 00 00  00 00 00 00 00 00 00 00   ................
00F0   00 00 00 00 00 00 00 00  00 00 00 00 00 00 00 00   ................
0100   00 00 00 00 00 00 00 00  00 00 00 00 00 00 00 00   ................
0110   00 00 00 00 00 00 00 00  00 00 00 00 00 00 00 00   ................
0120   00 00 00 00 00 00 00 00  00 00 00 00 00 5C 7D 73   .............\}s
0130   58 00                                             X.


Client: 127.0.0.1: Unhandled packet 0xF4
        0  1  2  3  4  5  6  7   8  9  A  B  C  D  E  F
       -- -- -- -- -- -- -- --  -- -- -- -- -- -- -- --
0000   F4 01 32 07 00 0C 00 00  00 00 00 00 00 74 61 73   ..2..........tas
0010   73 32 33 5F 00 34 D3 18  00 05 00 00 00 07 00 00   s23_.4..........
0020   00 0F 00 00 00 84 D1 18  00 F8 3E 32 52 52 61 69   ..........>2RRai
0030   73 74 00 00 00 00 00 00  00 00 00 00 00 00 00 00   st..............
0040   00 00 00 00 00 00 00 00  00 00 00 00 00 31 30 2E   .............10.
0050   30 2E 30 2E 33 00 00 00  00 00 00 00 00 01 09 36   0.0.3..........6
0060   C0 00 00 05 63 6C 69 65  6E 74 2E 65 78 65 00 00   ....client.exe..
0070   00 00 00 00 00 00 00 00  00 00 00 00 00 00 00 00   ................
0080   00 00 00 00 00 00 00 00  00 00 00 00 00 00 00 00   ................
0090   00 00 00 00 00 00 00 00  00 00 00 00 00 00 00 00   ................
00A0   00 00 00 00 00 00 00 00  00 00 00 00 00 00 00 00   ................
00B0   00 00 00 00 00 00 00 00  00 00 00 00 00 00 00 00   ................
00C0   00 00 00 00 00 00 00 00  43 52 41 53 48 00 00 00   ........CRASH...
00D0   00 00 00 00 00 00 00 00  00 00 00 00 00 00 00 00   ................
00E0   00 00 00 00 00 00 00 00  00 00 00 00 00 00 00 00   ................
00F0   00 00 00 00 00 00 00 00  00 00 00 00 00 00 00 00   ................
0100   00 00 00 00 00 00 00 00  00 00 00 00 00 00 00 00   ................
0110   00 00 00 00 00 00 00 00  00 00 00 00 00 00 00 00   ................
0120   00 00 00 00 00 00 00 00  00 00 00 00 00 5C 7D 73   .............\}s
0130   58 00                                             X.


Client: 127.0.0.1: Unhandled packet 0xF4
        0  1  2  3  4  5  6  7   8  9  A  B  C  D  E  F
       -- -- -- -- -- -- -- --  -- -- -- -- -- -- -- --
0000   F4 01 32 07 00 0C 00 00  00 00 00 00 00 74 61 73   ..2..........tas
0010   73 32 33 5F 00 34 D3 18  00 05 00 00 00 07 00 00   s23_.4..........
0020   00 0F 00 00 00 84 D1 18  00 08 1F 2C 52 52 61 69   ...........,RRai
0030   73 74 00 00 00 00 00 00  00 00 00 00 00 00 00 00   st..............
0040   00 00 00 00 00 00 00 00  00 00 00 00 00 31 30 2E   .............10.
0050   30 2E 30 2E 33 00 00 00  00 00 00 00 00 02 B1 18   0.0.3...........
0060   C0 00 00 05 63 6C 69 65  6E 74 2E 65 78 65 00 00   ....client.exe..
0070   00 00 00 00 00 00 00 00  00 00 00 00 00 00 00 00   ................
0080   00 00 00 00 00 00 00 00  00 00 00 00 00 00 00 00   ................
0090   00 00 00 00 00 00 00 00  00 00 00 00 00 00 00 00   ................
00A0   00 00 00 00 00 00 00 00  00 00 00 00 00 00 00 00   ................
00B0   00 00 00 00 00 00 00 00  00 00 00 00 00 00 00 00   ................
00C0   00 00 00 00 00 00 00 00  43 52 41 53 48 00 00 00   ........CRASH...
00D0   00 00 00 00 00 00 00 00  00 00 00 00 00 00 00 00   ................
00E0   00 00 00 00 00 00 00 00  00 00 00 00 00 00 00 00   ................
00F0   00 00 00 00 00 00 00 00  00 00 00 00 00 00 00 00   ................
0100   00 00 00 00 00 00 00 00  00 00 00 00 00 00 00 00   ................
0110   00 00 00 00 00 00 00 00  00 00 00 00 00 00 00 00   ................
0120   00 00 00 00 00 00 00 00  00 00 00 00 00 5C 7D 73   .............\}s
0130   58 00                                             X.


Client: 127.0.0.1: Unhandled packet 0xF4
        0  1  2  3  4  5  6  7   8  9  A  B  C  D  E  F
       -- -- -- -- -- -- -- --  -- -- -- -- -- -- -- --
0000   F4 01 32 07 00 0C 00 00  00 00 00 00 00 74 61 73   ..2..........tas
0010   73 32 33 5F 00 34 D3 18  00 05 00 00 00 07 00 00   s23_.4..........
0020   00 0F 00 00 00 84 D1 18  00 F8 30 35 52 52 61 69   ..........05RRai
0030   73 74 00 00 00 00 00 00  00 00 00 00 00 00 00 00   st..............
0040   00 00 00 00 00 00 00 00  00 00 00 00 00 31 30 2E   .............10.
0050   30 2E 30 2E 33 00 00 00  00 00 00 00 00 21 B5 65   0.0.3........!.e
0060   C0 00 00 05 63 6C 69 65  6E 74 2E 65 78 65 00 00   ....client.exe..
0070   00 00 00 00 00 00 00 00  00 00 00 00 00 00 00 00   ................
0080   00 00 00 00 00 00 00 00  00 00 00 00 00 00 00 00   ................
0090   00 00 00 00 00 00 00 00  00 00 00 00 00 00 00 00   ................
00A0   00 00 00 00 00 00 00 00  00 00 00 00 00 00 00 00   ................
00B0   00 00 00 00 00 00 00 00  00 00 00 00 00 00 00 00   ................
00C0   00 00 00 00 00 00 00 00  43 52 41 53 48 00 00 00   ........CRASH...
00D0   00 00 00 00 00 00 00 00  00 00 00 00 00 00 00 00   ................
00E0   00 00 00 00 00 00 00 00  00 00 00 00 00 00 00 00   ................
00F0   00 00 00 00 00 00 00 00  00 00 00 00 00 00 00 00   ................
0100   00 00 00 00 00 00 00 00  00 00 00 00 00 00 00 00   ................
0110   00 00 00 00 00 00 00 00  00 00 00 00 00 00 00 00   ................
0120   00 00 00 00 00 00 00 00  00 00 00 00 00 5C 7D 73   .............\}s
0130   58 00                                             X.


Client: 127.0.0.1: Unhandled packet 0xF4
        0  1  2  3  4  5  6  7   8  9  A  B  C  D  E  F
       -- -- -- -- -- -- -- --  -- -- -- -- -- -- -- --
0000   F4 01 32 07 00 0C 00 00  00 00 00 00 00 74 61 73   ..2..........tas
0010   73 32 33 5F 00 34 D3 18  00 05 00 00 00 07 00 00   s23_.4..........
0020   00 0F 00 00 00 84 D1 18  00 50 1B 2A 52 52 61 69   .........P.*RRai
0030   73 74 00 00 00 00 00 00  00 00 00 00 00 00 00 00   st..............
0040   00 00 00 00 00 00 00 00  00 00 00 00 00 31 30 2E   .............10.
0050   30 2E 30 2E 33 00 00 00  00 00 00 00 00 00 3B 4C   0.0.3.........;L
0060   C0 00 00 05 63 6C 69 65  6E 74 2E 65 78 65 00 00   ....client.exe..
0070   00 00 00 00 00 00 00 00  00 00 00 00 00 00 00 00   ................
0080   00 00 00 00 00 00 00 00  00 00 00 00 00 00 00 00   ................
0090   00 00 00 00 00 00 00 00  00 00 00 00 00 00 00 00   ................
00A0   00 00 00 00 00 00 00 00  00 00 00 00 00 00 00 00   ................
00B0   00 00 00 00 00 00 00 00  00 00 00 00 00 00 00 00   ................
00C0   00 00 00 00 00 00 00 00  43 52 41 53 48 00 00 00   ........CRASH...
00D0   00 00 00 00 00 00 00 00  00 00 00 00 00 00 00 00   ................
00E0   00 00 00 00 00 00 00 00  00 00 00 00 00 00 00 00   ................
00F0   00 00 00 00 00 00 00 00  00 00 00 00 00 00 00 00   ................
0100   00 00 00 00 00 00 00 00  00 00 00 00 00 00 00 00   ................
0110   00 00 00 00 00 00 00 00  00 00 00 00 00 00 00 00   ................
0120   00 00 00 00 00 00 00 00  00 00 00 00 00 5C 7D 73   .............\}s
0130   58 00                                             X.


Client: 127.0.0.1: Unhandled packet 0xF4
        0  1  2  3  4  5  6  7   8  9  A  B  C  D  E  F
       -- -- -- -- -- -- -- --  -- -- -- -- -- -- -- --
0000   F4 01 32 07 00 0C 00 00  00 00 00 00 00 74 61 73   ..2..........tas
0010   73 32 33 5F 00 34 D3 18  00 05 00 00 00 07 00 00   s23_.4..........
0020   00 0F 00 00 00 84 D1 18  00 B0 18 2A 52 52 61 69   ...........*RRai
0030   73 74 00 00 00 00 00 00  00 00 00 00 00 00 00 00   st..............
0040   00 00 00 00 00 00 00 00  00 00 00 00 00 31 30 2E   .............10.
0050   30 2E 30 2E 33 00 00 00  00 00 00 00 00 00 00 16   0.0.3...........
0060   C0 00 00 05 63 6C 69 65  6E 74 2E 65 78 65 00 00   ....client.exe..
0070   00 00 00 00 00 00 00 00  00 00 00 00 00 00 00 00   ................
0080   00 00 00 00 00 00 00 00  00 00 00 00 00 00 00 00   ................
0090   00 00 00 00 00 00 00 00  00 00 00 00 00 00 00 00   ................
00A0   00 00 00 00 00 00 00 00  00 00 00 00 00 00 00 00   ................
00B0   00 00 00 00 00 00 00 00  00 00 00 00 00 00 00 00   ................
00C0   00 00 00 00 00 00 00 00  43 52 41 53 48 00 00 00   ........CRASH...
00D0   00 00 00 00 00 00 00 00  00 00 00 00 00 00 00 00   ................
00E0   00 00 00 00 00 00 00 00  00 00 00 00 00 00 00 00   ................
00F0   00 00 00 00 00 00 00 00  00 00 00 00 00 00 00 00   ................
0100   00 00 00 00 00 00 00 00  00 00 00 00 00 00 00 00   ................
0110   00 00 00 00 00 00 00 00  00 00 00 00 00 00 00 00   ................
0120   00 00 00 00 00 00 00 00  00 00 00 00 00 5C 7D 73   .............\}s
0130   58 00                                             X.


Client: 127.0.0.1: Unhandled packet 0xF4
        0  1  2  3  4  5  6  7   8  9  A  B  C  D  E  F
       -- -- -- -- -- -- -- --  -- -- -- -- -- -- -- --
0000   F4 01 32 07 00 0C 00 00  00 00 00 00 00 74 61 73   ..2..........tas
0010   73 32 33 5F 00 34 D3 18  00 05 00 00 00 07 00 00   s23_.4..........
0020   00 0F 00 00 00 84 D1 18  00 D0 2C 2E 52 52 61 69   ..........,.RRai
0030   73 74 00 00 00 00 00 00  00 00 00 00 00 00 00 00   st..............
0040   00 00 00 00 00 00 00 00  00 00 00 00 00 31 30 2E   .............10.
0050   30 2E 30 2E 33 00 00 00  00 00 00 00 00 02 61 22   0.0.3.........a"
0060   C0 00 00 05 63 6C 69 65  6E 74 2E 65 78 65 00 00   ....client.exe..
0070   00 00 00 00 00 00 00 00  00 00 00 00 00 00 00 00   ................
0080   00 00 00 00 00 00 00 00  00 00 00 00 00 00 00 00   ................
0090   00 00 00 00 00 00 00 00  00 00 00 00 00 00 00 00   ................
00A0   00 00 00 00 00 00 00 00  00 00 00 00 00 00 00 00   ................
00B0   00 00 00 00 00 00 00 00  00 00 00 00 00 00 00 00   ................
00C0   00 00 00 00 00 00 00 00  43 52 41 53 48 00 00 00   ........CRASH...
00D0   00 00 00 00 00 00 00 00  00 00 00 00 00 00 00 00   ................
00E0   00 00 00 00 00 00 00 00  00 00 00 00 00 00 00 00   ................
00F0   00 00 00 00 00 00 00 00  00 00 00 00 00 00 00 00   ................
0100   00 00 00 00 00 00 00 00  00 00 00 00 00 00 00 00   ................
0110   00 00 00 00 00 00 00 00  00 00 00 00 00 00 00 00   ................
0120   00 00 00 00 00 00 00 00  00 00 00 00 00 5C 7D 73   .............\}s
0130   58 00                                             X.


Client: 127.0.0.1: Unhandled packet 0xF4
        0  1  2  3  4  5  6  7   8  9  A  B  C  D  E  F
       -- -- -- -- -- -- -- --  -- -- -- -- -- -- -- --
0000   F4 01 32 07 00 0C 00 00  00 00 00 00 00 74 61 73   ..2..........tas
0010   73 32 33 5F 00 34 D3 18  00 05 00 00 00 07 00 00   s23_.4..........
0020   00 0F 00 00 00 84 D1 18  00 00 21 29 52 52 61 69   ..........!)RRai
0030   73 74 00 00 00 00 00 00  00 00 00 00 00 00 00 00   st..............
0040   00 00 00 00 00 00 00 00  00 00 00 00 00 31 30 2E   .............10.
0050   30 2E 30 2E 33 00 00 00  00 00 00 00 00 00 3B 8D   0.0.3.........;.
0060   C0 00 00 05 63 6C 69 65  6E 74 2E 65 78 65 00 00   ....client.exe..
0070   00 00 00 00 00 00 00 00  00 00 00 00 00 00 00 00   ................
0080   00 00 00 00 00 00 00 00  00 00 00 00 00 00 00 00   ................
0090   00 00 00 00 00 00 00 00  00 00 00 00 00 00 00 00   ................
00A0   00 00 00 00 00 00 00 00  00 00 00 00 00 00 00 00   ................
00B0   00 00 00 00 00 00 00 00  00 00 00 00 00 00 00 00   ................
00C0   00 00 00 00 00 00 00 00  43 52 41 53 48 00 00 00   ........CRASH...
00D0   00 00 00 00 00 00 00 00  00 00 00 00 00 00 00 00   ................
00E0   00 00 00 00 00 00 00 00  00 00 00 00 00 00 00 00   ................
00F0   00 00 00 00 00 00 00 00  00 00 00 00 00 00 00 00   ................
0100   00 00 00 00 00 00 00 00  00 00 00 00 00 00 00 00   ................
0110   00 00 00 00 00 00 00 00  00 00 00 00 00 00 00 00   ................
0120   00 00 00 00 00 00 00 00  00 00 00 00 00 5C 7D 73   .............\}s
0130   58 00                                             X.


Client: 127.0.0.1: Unhandled packet 0xF4
        0  1  2  3  4  5  6  7   8  9  A  B  C  D  E  F
       -- -- -- -- -- -- -- --  -- -- -- -- -- -- -- --
0000   F4 01 32 07 00 0C 00 00  00 00 00 00 00 74 61 73   ..2..........tas
0010   73 32 33 5F 00 34 D3 18  00 05 00 00 00 07 00 00   s23_.4..........
0020   00 0F 00 00 00 84 D1 18  00 F0 2B 3C 52 52 61 69   ..........+<RRai
0030   73 74 00 00 00 00 00 00  00 00 00 00 00 00 00 00   st..............
0040   00 00 00 00 00 00 00 00  00 00 00 00 00 31 30 2E   .............10.
0050   30 2E 30 2E 33 00 00 00  00 00 00 00 00 0E B6 F2   0.0.3...........
0060   C0 00 00 05 63 6C 69 65  6E 74 2E 65 78 65 00 00   ....client.exe..
0070   00 00 00 00 00 00 00 00  00 00 00 00 00 00 00 00   ................
0080   00 00 00 00 00 00 00 00  00 00 00 00 00 00 00 00   ................
0090   00 00 00 00 00 00 00 00  00 00 00 00 00 00 00 00   ................
00A0   00 00 00 00 00 00 00 00  00 00 00 00 00 00 00 00   ................
00B0   00 00 00 00 00 00 00 00  00 00 00 00 00 00 00 00   ................
00C0   00 00 00 00 00 00 00 00  43 52 41 53 48 00 00 00   ........CRASH...
00D0   00 00 00 00 00 00 00 00  00 00 00 00 00 00 00 00   ................
00E0   00 00 00 00 00 00 00 00  00 00 00 00 00 00 00 00   ................
00F0   00 00 00 00 00 00 00 00  00 00 00 00 00 00 00 00   ................
0100   00 00 00 00 00 00 00 00  00 00 00 00 00 00 00 00   ................
0110   00 00 00 00 00 00 00 00  00 00 00 00 00 00 00 00   ................
0120   00 00 00 00 00 00 00 00  00 00 00 00 00 5C 7D 73   .............\}s
0130   58 00                                             X.


Client: 127.0.0.1: Unhandled packet 0xF4
        0  1  2  3  4  5  6  7   8  9  A  B  C  D  E  F
       -- -- -- -- -- -- -- --  -- -- -- -- -- -- -- --
0000   F4 01 32 07 00 0C 00 00  00 00 00 00 00 74 61 73   ..2..........tas
0010   73 32 33 5F 00 34 D3 18  00 05 00 00 00 07 00 00   s23_.4..........
0020   00 0F 00 00 00 84 D1 18  00 28 2C 36 52 52 61 69   .........(,6RRai
0030   73 74 00 00 00 00 00 00  00 00 00 00 00 00 00 00   st..............
0040   00 00 00 00 00 00 00 00  00 00 00 00 00 31 30 2E   .............10.
0050   30 2E 30 2E 33 00 00 00  00 00 00 00 00 00 AC 4E   0.0.3..........N
0060   C0 00 00 05 63 6C 69 65  6E 74 2E 65 78 65 00 00   ....client.exe..
0070   00 00 00 00 00 00 00 00  00 00 00 00 00 00 00 00   ................
0080   00 00 00 00 00 00 00 00  00 00 00 00 00 00 00 00   ................
0090   00 00 00 00 00 00 00 00  00 00 00 00 00 00 00 00   ................
00A0   00 00 00 00 00 00 00 00  00 00 00 00 00 00 00 00   ................
00B0   00 00 00 00 00 00 00 00  00 00 00 00 00 00 00 00   ................
00C0   00 00 00 00 00 00 00 00  43 52 41 53 48 00 00 00   ........CRASH...
00D0   00 00 00 00 00 00 00 00  00 00 00 00 00 00 00 00   ................
00E0   00 00 00 00 00 00 00 00  00 00 00 00 00 00 00 00   ................
00F0   00 00 00 00 00 00 00 00  00 00 00 00 00 00 00 00   ................
0100   00 00 00 00 00 00 00 00  00 00 00 00 00 00 00 00   ................
0110   00 00 00 00 00 00 00 00  00 00 00 00 00 00 00 00   ................
0120   00 00 00 00 00 00 00 00  00 00 00 00 00 5C 7D 73   .............\}s
0130   58 00                                             X.


Client: 127.0.0.1: Unhandled packet 0xF4
        0  1  2  3  4  5  6  7   8  9  A  B  C  D  E  F
       -- -- -- -- -- -- -- --  -- -- -- -- -- -- -- --
0000   F4 01 32 07 00 0C 00 00  00 00 00 00 00 74 61 73   ..2..........tas
0010   73 32 33 5F 00 34 D3 18  00 05 00 00 00 07 00 00   s23_.4..........
0020   00 0F 00 00 00 84 D1 18  00 58 35 2A 52 52 61 69   .........X5*RRai
0030   73 74 00 00 00 00 00 00  00 00 00 00 00 00 00 00   st..............
0040   00 00 00 00 00 00 00 00  00 00 00 00 00 31 30 2E   .............10.
0050   30 2E 30 2E 33 00 00 00  00 00 00 00 00 00 FD 98   0.0.3...........
0060   C0 00 00 05 63 6C 69 65  6E 74 2E 65 78 65 00 00   ....client.exe..
0070   00 00 00 00 00 00 00 00  00 00 00 00 00 00 00 00   ................
0080   00 00 00 00 00 00 00 00  00 00 00 00 00 00 00 00   ................
0090   00 00 00 00 00 00 00 00  00 00 00 00 00 00 00 00   ................
00A0   00 00 00 00 00 00 00 00  00 00 00 00 00 00 00 00   ................
00B0   00 00 00 00 00 00 00 00  00 00 00 00 00 00 00 00   ................
00C0   00 00 00 00 00 00 00 00  43 52 41 53 48 00 00 00   ........CRASH...
00D0   00 00 00 00 00 00 00 00  00 00 00 00 00 00 00 00   ................
00E0   00 00 00 00 00 00 00 00  00 00 00 00 00 00 00 00   ................
00F0   00 00 00 00 00 00 00 00  00 00 00 00 00 00 00 00   ................
0100   00 00 00 00 00 00 00 00  00 00 00 00 00 00 00 00   ................
0110   00 00 00 00 00 00 00 00  00 00 00 00 00 00 00 00   ................
0120   00 00 00 00 00 00 00 00  00 00 00 00 00 5C 7D 73   .............\}s
0130   58 00                                             X.


Client: 127.0.0.1: Unhandled packet 0xF4
        0  1  2  3  4  5  6  7   8  9  A  B  C  D  E  F
       -- -- -- -- -- -- -- --  -- -- -- -- -- -- -- --
0000   F4 01 32 07 00 0C 00 00  00 00 00 00 00 74 61 73   ..2..........tas
0010   73 32 33 5F 00 34 D3 18  00 05 00 00 00 07 00 00   s23_.4..........
0020   00 0F 00 00 00 84 D1 18  00 B0 34 39 52 52 61 69   ..........49RRai
0030   73 74 00 00 00 00 00 00  00 00 00 00 00 00 00 00   st..............
0040   00 00 00 00 00 00 00 00  00 00 00 00 00 31 30 2E   .............10.
0050   30 2E 30 2E 33 00 00 00  00 00 00 00 00 07 73 C0   0.0.3.........s.
0060   C0 00 00 05 63 6C 69 65  6E 74 2E 65 78 65 00 00   ....client.exe..
0070   00 00 00 00 00 00 00 00  00 00 00 00 00 00 00 00   ................
0080   00 00 00 00 00 00 00 00  00 00 00 00 00 00 00 00   ................
0090   00 00 00 00 00 00 00 00  00 00 00 00 00 00 00 00   ................
00A0   00 00 00 00 00 00 00 00  00 00 00 00 00 00 00 00   ................
00B0   00 00 00 00 00 00 00 00  00 00 00 00 00 00 00 00   ................
00C0   00 00 00 00 00 00 00 00  43 52 41 53 48 00 00 00   ........CRASH...
00D0   00 00 00 00 00 00 00 00  00 00 00 00 00 00 00 00   ................
00E0   00 00 00 00 00 00 00 00  00 00 00 00 00 00 00 00   ................
00F0   00 00 00 00 00 00 00 00  00 00 00 00 00 00 00 00   ................
0100   00 00 00 00 00 00 00 00  00 00 00 00 00 00 00 00   ................
0110   00 00 00 00 00 00 00 00  00 00 00 00 00 00 00 00   ................
0120   00 00 00 00 00 00 00 00  00 00 00 00 00 5C 7D 73   .............\}s
0130   58 00                                             X.


Client: 127.0.0.1: Unhandled packet 0xF4
        0  1  2  3  4  5  6  7   8  9  A  B  C  D  E  F
       -- -- -- -- -- -- -- --  -- -- -- -- -- -- -- --
0000   F4 01 32 07 00 0C 00 00  00 00 00 00 00 74 61 73   ..2..........tas
0010   73 32 33 5F 00 34 D3 18  00 05 00 00 00 07 00 00   s23_.4..........
0020   00 0F 00 00 00 84 D1 18  00 B0 26 2E 52 52 61 69   ..........&.RRai
0030   73 74 00 00 00 00 00 00  00 00 00 00 00 00 00 00   st..............
0040   00 00 00 00 00 00 00 00  00 00 00 00 00 31 30 2E   .............10.
0050   30 2E 30 2E 33 00 00 00  00 00 00 00 00 01 75 2D   0.0.3.........u-
0060   C0 00 00 05 63 6C 69 65  6E 74 2E 65 78 65 00 00   ....client.exe..
0070   00 00 00 00 00 00 00 00  00 00 00 00 00 00 00 00   ................
0080   00 00 00 00 00 00 00 00  00 00 00 00 00 00 00 00   ................
0090   00 00 00 00 00 00 00 00  00 00 00 00 00 00 00 00   ................
00A0   00 00 00 00 00 00 00 00  00 00 00 00 00 00 00 00   ................
00B0   00 00 00 00 00 00 00 00  00 00 00 00 00 00 00 00   ................
00C0   00 00 00 00 00 00 00 00  43 52 41 53 48 00 00 00   ........CRASH...
00D0   00 00 00 00 00 00 00 00  00 00 00 00 00 00 00 00   ................
00E0   00 00 00 00 00 00 00 00  00 00 00 00 00 00 00 00   ................
00F0   00 00 00 00 00 00 00 00  00 00 00 00 00 00 00 00   ................
0100   00 00 00 00 00 00 00 00  00 00 00 00 00 00 00 00   ................
0110   00 00 00 00 00 00 00 00  00 00 00 00 00 00 00 00   ................
0120   00 00 00 00 00 00 00 00  00 00 00 00 00 5C 7D 73   .............\}s
0130   58 00                                             X.


